<?xml version="1.0" encoding="UTF-8"?>
<testng-results ignored="0" total="436" passed="264" failed="172" skipped="0">
  <reporter-output>
  </reporter-output>
  <suite started-at="2021-07-31T20:52:39 IST" name="Default suite" finished-at="2021-07-31T21:11:36 IST" duration-ms="1136944">
    <groups>
    </groups>
    <test started-at="2021-07-31T20:52:39 IST" name="Default test" finished-at="2021-07-31T21:11:36 IST" duration-ms="1136944">
      <class name="Passport_Lite_Prod.TC_Blank_APP_Id">
        <test-method signature="APIResponse()[pri:0, instance:Passport_Lite_Prod.TC_Blank_APP_Id@7bf3a5d8]" started-at="2021-07-31T20:52:39 IST" name="APIResponse" finished-at="2021-07-31T20:52:44 IST" duration-ms="4697" status="PASS">
          <reporter-output>
          </reporter-output>
        </test-method> <!-- APIResponse -->
      </class> <!-- Passport_Lite_Prod.TC_Blank_APP_Id -->
      <class name="RC_Lite_Test.TC_InValid_RC">
        <test-method signature="APIResponse()[pri:0, instance:RC_Lite_Test.TC_InValid_RC@42e25b0b]" started-at="2021-07-31T20:52:44 IST" name="APIResponse" finished-at="2021-07-31T20:52:45 IST" duration-ms="1550" status="FAIL">
          <exception class="java.lang.ClassCastException">
            <message>
              <![CDATA[class java.lang.Integer cannot be cast to class java.lang.String (java.lang.Integer and java.lang.String are in module java.base of loader 'bootstrap')]]>
            </message>
            <full-stacktrace>
              <![CDATA[java.lang.ClassCastException: class java.lang.Integer cannot be cast to class java.lang.String (java.lang.Integer and java.lang.String are in module java.base of loader 'bootstrap')
at RC_Lite_Test.TC_InValid_RC.APIResponse(TC_InValid_RC.java:117)
at java.base/jdk.internal.reflect.NativeMethodAccessorImpl.invoke0(Native Method)
at java.base/jdk.internal.reflect.NativeMethodAccessorImpl.invoke(NativeMethodAccessorImpl.java:64)
at java.base/jdk.internal.reflect.DelegatingMethodAccessorImpl.invoke(DelegatingMethodAccessorImpl.java:43)
at java.base/java.lang.reflect.Method.invoke(Method.java:564)
at org.testng.internal.MethodInvocationHelper.invokeMethod(MethodInvocationHelper.java:132)
at org.testng.internal.TestInvoker.invokeMethod(TestInvoker.java:599)
at org.testng.internal.TestInvoker.invokeTestMethod(TestInvoker.java:174)
at org.testng.internal.MethodRunner.runInSequence(MethodRunner.java:46)
at org.testng.internal.TestInvoker$MethodInvocationAgent.invoke(TestInvoker.java:822)
at org.testng.internal.TestInvoker.invokeTestMethods(TestInvoker.java:147)
at org.testng.internal.TestMethodWorker.invokeTestMethods(TestMethodWorker.java:146)
at org.testng.internal.TestMethodWorker.run(TestMethodWorker.java:128)
at java.base/java.util.ArrayList.forEach(ArrayList.java:1511)
at org.testng.TestRunner.privateRun(TestRunner.java:764)
at org.testng.TestRunner.run(TestRunner.java:585)
at org.testng.SuiteRunner.runTest(SuiteRunner.java:384)
at org.testng.SuiteRunner.runSequentially(SuiteRunner.java:378)
at org.testng.SuiteRunner.privateRun(SuiteRunner.java:337)
at org.testng.SuiteRunner.run(SuiteRunner.java:286)
at org.testng.SuiteRunnerWorker.runSuite(SuiteRunnerWorker.java:53)
at org.testng.SuiteRunnerWorker.run(SuiteRunnerWorker.java:96)
at org.testng.TestNG.runSuitesSequentially(TestNG.java:1218)
at org.testng.TestNG.runSuitesLocally(TestNG.java:1140)
at org.testng.TestNG.runSuites(TestNG.java:1069)
at org.testng.TestNG.run(TestNG.java:1037)
at org.testng.remote.AbstractRemoteTestNG.run(AbstractRemoteTestNG.java:115)
at org.testng.remote.RemoteTestNG.initAndRun(RemoteTestNG.java:251)
at org.testng.remote.RemoteTestNG.main(RemoteTestNG.java:77)
]]>
            </full-stacktrace>
          </exception> <!-- java.lang.ClassCastException -->
          <reporter-output>
          </reporter-output>
        </test-method> <!-- APIResponse -->
      </class> <!-- RC_Lite_Test.TC_InValid_RC -->
      <class name="RC_Lite_Prod.TC_Blank_APP_Id">
        <test-method signature="APIResponse()[pri:0, instance:RC_Lite_Prod.TC_Blank_APP_Id@39b43d60]" started-at="2021-07-31T20:52:45 IST" name="APIResponse" finished-at="2021-07-31T20:52:46 IST" duration-ms="998" status="PASS">
          <reporter-output>
          </reporter-output>
        </test-method> <!-- APIResponse -->
      </class> <!-- RC_Lite_Prod.TC_Blank_APP_Id -->
      <class name="Voter_Advance_Test.TC_InActive_APP_ID">
        <test-method signature="APIResponse()[pri:0, instance:Voter_Advance_Test.TC_InActive_APP_ID@2205a05d]" started-at="2021-07-31T20:52:48 IST" name="APIResponse" finished-at="2021-07-31T20:52:48 IST" duration-ms="550" status="PASS">
          <reporter-output>
          </reporter-output>
        </test-method> <!-- APIResponse -->
      </class> <!-- Voter_Advance_Test.TC_InActive_APP_ID -->
      <class name="Voter_Advance_Prod.TC_Consent_Text_200_PLUS">
        <test-method signature="APIResponse()[pri:0, instance:Voter_Advance_Prod.TC_Consent_Text_200_PLUS@44be0077]" started-at="2021-07-31T20:52:46 IST" name="APIResponse" finished-at="2021-07-31T20:52:48 IST" duration-ms="1351" status="PASS">
          <reporter-output>
          </reporter-output>
        </test-method> <!-- APIResponse -->
      </class> <!-- Voter_Advance_Prod.TC_Consent_Text_200_PLUS -->
      <class name="PAN_Advance_Test.TC_InValid_APP_Id_API_Key">
        <test-method signature="APIResponse()[pri:0, instance:PAN_Advance_Test.TC_InValid_APP_Id_API_Key@72ef8d15]" started-at="2021-07-31T20:52:48 IST" name="APIResponse" finished-at="2021-07-31T20:52:49 IST" duration-ms="1005" status="PASS">
          <reporter-output>
          </reporter-output>
        </test-method> <!-- APIResponse -->
      </class> <!-- PAN_Advance_Test.TC_InValid_APP_Id_API_Key -->
      <class name="PAN_Advance_Prod.TC_InValid_API_key">
        <test-method signature="APIResponse()[pri:0, instance:PAN_Advance_Prod.TC_InValid_API_key@6aa8e115]" started-at="2021-07-31T20:52:49 IST" name="APIResponse" finished-at="2021-07-31T20:52:50 IST" duration-ms="463" status="PASS">
          <reporter-output>
          </reporter-output>
        </test-method> <!-- APIResponse -->
      </class> <!-- PAN_Advance_Prod.TC_InValid_API_key -->
      <class name="GST_Lite_Test.TC_Test_Limits_Exhaust">
        <test-method signature="APIResponse()[pri:0, instance:GST_Lite_Test.TC_Test_Limits_Exhaust@5e21e98f]" started-at="2021-07-31T20:52:50 IST" name="APIResponse" finished-at="2021-07-31T20:52:50 IST" duration-ms="197" status="FAIL">
          <exception class="java.lang.ClassCastException">
            <message>
              <![CDATA[class java.lang.Integer cannot be cast to class java.lang.String (java.lang.Integer and java.lang.String are in module java.base of loader 'bootstrap')]]>
            </message>
            <full-stacktrace>
              <![CDATA[java.lang.ClassCastException: class java.lang.Integer cannot be cast to class java.lang.String (java.lang.Integer and java.lang.String are in module java.base of loader 'bootstrap')
at GST_Lite_Test.TC_Test_Limits_Exhaust.APIResponse(TC_Test_Limits_Exhaust.java:116)
at java.base/jdk.internal.reflect.NativeMethodAccessorImpl.invoke0(Native Method)
at java.base/jdk.internal.reflect.NativeMethodAccessorImpl.invoke(NativeMethodAccessorImpl.java:64)
at java.base/jdk.internal.reflect.DelegatingMethodAccessorImpl.invoke(DelegatingMethodAccessorImpl.java:43)
at java.base/java.lang.reflect.Method.invoke(Method.java:564)
at org.testng.internal.MethodInvocationHelper.invokeMethod(MethodInvocationHelper.java:132)
at org.testng.internal.TestInvoker.invokeMethod(TestInvoker.java:599)
at org.testng.internal.TestInvoker.invokeTestMethod(TestInvoker.java:174)
at org.testng.internal.MethodRunner.runInSequence(MethodRunner.java:46)
at org.testng.internal.TestInvoker$MethodInvocationAgent.invoke(TestInvoker.java:822)
at org.testng.internal.TestInvoker.invokeTestMethods(TestInvoker.java:147)
at org.testng.internal.TestMethodWorker.invokeTestMethods(TestMethodWorker.java:146)
at org.testng.internal.TestMethodWorker.run(TestMethodWorker.java:128)
at java.base/java.util.ArrayList.forEach(ArrayList.java:1511)
at org.testng.TestRunner.privateRun(TestRunner.java:764)
at org.testng.TestRunner.run(TestRunner.java:585)
at org.testng.SuiteRunner.runTest(SuiteRunner.java:384)
at org.testng.SuiteRunner.runSequentially(SuiteRunner.java:378)
at org.testng.SuiteRunner.privateRun(SuiteRunner.java:337)
at org.testng.SuiteRunner.run(SuiteRunner.java:286)
at org.testng.SuiteRunnerWorker.runSuite(SuiteRunnerWorker.java:53)
at org.testng.SuiteRunnerWorker.run(SuiteRunnerWorker.java:96)
at org.testng.TestNG.runSuitesSequentially(TestNG.java:1218)
at org.testng.TestNG.runSuitesLocally(TestNG.java:1140)
at org.testng.TestNG.runSuites(TestNG.java:1069)
at org.testng.TestNG.run(TestNG.java:1037)
at org.testng.remote.AbstractRemoteTestNG.run(AbstractRemoteTestNG.java:115)
at org.testng.remote.RemoteTestNG.initAndRun(RemoteTestNG.java:251)
at org.testng.remote.RemoteTestNG.main(RemoteTestNG.java:77)
]]>
            </full-stacktrace>
          </exception> <!-- java.lang.ClassCastException -->
          <reporter-output>
          </reporter-output>
        </test-method> <!-- APIResponse -->
      </class> <!-- GST_Lite_Test.TC_Test_Limits_Exhaust -->
      <class name="PAN_Advance_Prod.TC_Blank_API_key">
        <test-method signature="APIResponse()[pri:0, instance:PAN_Advance_Prod.TC_Blank_API_key@51a9ad5e]" started-at="2021-07-31T20:52:50 IST" name="APIResponse" finished-at="2021-07-31T20:52:50 IST" duration-ms="169" status="PASS">
          <reporter-output>
          </reporter-output>
        </test-method> <!-- APIResponse -->
      </class> <!-- PAN_Advance_Prod.TC_Blank_API_key -->
      <class name="PAN_Lite_Test.TC_Low_Balance_Wallet">
        <test-method signature="APIResponse()[pri:0, instance:PAN_Lite_Test.TC_Low_Balance_Wallet@5f20155b]" started-at="2021-07-31T20:52:50 IST" name="APIResponse" finished-at="2021-07-31T20:52:53 IST" duration-ms="2512" status="FAIL">
          <exception class="java.lang.AssertionError">
            <message>
              <![CDATA[expected [112] but found [100]]]>
            </message>
            <full-stacktrace>
              <![CDATA[java.lang.AssertionError: expected [112] but found [100]
at org.testng.Assert.fail(Assert.java:99)
at org.testng.Assert.failNotEquals(Assert.java:1037)
at org.testng.Assert.assertEqualsImpl(Assert.java:140)
at org.testng.Assert.assertEquals(Assert.java:122)
at org.testng.Assert.assertEquals(Assert.java:629)
at org.testng.Assert.assertEquals(Assert.java:639)
at PAN_Lite_Test.TC_Low_Balance_Wallet.APIResponse(TC_Low_Balance_Wallet.java:130)
at java.base/jdk.internal.reflect.NativeMethodAccessorImpl.invoke0(Native Method)
at java.base/jdk.internal.reflect.NativeMethodAccessorImpl.invoke(NativeMethodAccessorImpl.java:64)
at java.base/jdk.internal.reflect.DelegatingMethodAccessorImpl.invoke(DelegatingMethodAccessorImpl.java:43)
at java.base/java.lang.reflect.Method.invoke(Method.java:564)
at org.testng.internal.MethodInvocationHelper.invokeMethod(MethodInvocationHelper.java:132)
at org.testng.internal.TestInvoker.invokeMethod(TestInvoker.java:599)
at org.testng.internal.TestInvoker.invokeTestMethod(TestInvoker.java:174)
at org.testng.internal.MethodRunner.runInSequence(MethodRunner.java:46)
at org.testng.internal.TestInvoker$MethodInvocationAgent.invoke(TestInvoker.java:822)
at org.testng.internal.TestInvoker.invokeTestMethods(TestInvoker.java:147)
at org.testng.internal.TestMethodWorker.invokeTestMethods(TestMethodWorker.java:146)
at org.testng.internal.TestMethodWorker.run(TestMethodWorker.java:128)
at java.base/java.util.ArrayList.forEach(ArrayList.java:1511)
at org.testng.TestRunner.privateRun(TestRunner.java:764)
at org.testng.TestRunner.run(TestRunner.java:585)
at org.testng.SuiteRunner.runTest(SuiteRunner.java:384)
at org.testng.SuiteRunner.runSequentially(SuiteRunner.java:378)
at org.testng.SuiteRunner.privateRun(SuiteRunner.java:337)
at org.testng.SuiteRunner.run(SuiteRunner.java:286)
at org.testng.SuiteRunnerWorker.runSuite(SuiteRunnerWorker.java:53)
at org.testng.SuiteRunnerWorker.run(SuiteRunnerWorker.java:96)
at org.testng.TestNG.runSuitesSequentially(TestNG.java:1218)
at org.testng.TestNG.runSuitesLocally(TestNG.java:1140)
at org.testng.TestNG.runSuites(TestNG.java:1069)
at org.testng.TestNG.run(TestNG.java:1037)
at org.testng.remote.AbstractRemoteTestNG.run(AbstractRemoteTestNG.java:115)
at org.testng.remote.RemoteTestNG.initAndRun(RemoteTestNG.java:251)
at org.testng.remote.RemoteTestNG.main(RemoteTestNG.java:77)
]]>
            </full-stacktrace>
          </exception> <!-- java.lang.AssertionError -->
          <reporter-output>
          </reporter-output>
        </test-method> <!-- APIResponse -->
      </class> <!-- PAN_Lite_Test.TC_Low_Balance_Wallet -->
      <class name="Passport_Lite_Test.TC_Blank_Body">
        <test-method signature="APIResponse()[pri:0, instance:Passport_Lite_Test.TC_Blank_Body@72ade7e3]" started-at="2021-07-31T20:52:53 IST" name="APIResponse" finished-at="2021-07-31T20:52:53 IST" duration-ms="280" status="PASS">
          <reporter-output>
          </reporter-output>
        </test-method> <!-- APIResponse -->
      </class> <!-- Passport_Lite_Test.TC_Blank_Body -->
      <class name="IFSC_Lite_Test.TC_GET">
        <test-method signature="APIResponse()[pri:0, instance:IFSC_Lite_Test.TC_GET@239105a8]" started-at="2021-07-31T20:52:53 IST" name="APIResponse" finished-at="2021-07-31T20:52:53 IST" duration-ms="276" status="FAIL">
          <exception class="java.lang.AssertionError">
            <message>
              <![CDATA[1 expectation failed.
Expected status code <500> but was <403>.
]]>
            </message>
            <full-stacktrace>
              <![CDATA[java.lang.AssertionError: 1 expectation failed.
Expected status code <500> but was <403>.

at java.base/jdk.internal.reflect.NativeConstructorAccessorImpl.newInstance0(Native Method)
at java.base/jdk.internal.reflect.NativeConstructorAccessorImpl.newInstance(NativeConstructorAccessorImpl.java:64)
at java.base/jdk.internal.reflect.DelegatingConstructorAccessorImpl.newInstance(DelegatingConstructorAccessorImpl.java:45)
at java.base/java.lang.reflect.Constructor.newInstanceWithCaller(Constructor.java:500)
at java.base/java.lang.reflect.Constructor.newInstance(Constructor.java:481)
at org.codehaus.groovy.reflection.CachedConstructor.invoke(CachedConstructor.java:72)
at org.codehaus.groovy.reflection.CachedConstructor.doConstructorInvoke(CachedConstructor.java:59)
at org.codehaus.groovy.runtime.callsite.ConstructorSite$ConstructorSiteNoUnwrap.callConstructor(ConstructorSite.java:84)
at org.codehaus.groovy.runtime.callsite.CallSiteArray.defaultCallConstructor(CallSiteArray.java:59)
at org.codehaus.groovy.runtime.callsite.AbstractCallSite.callConstructor(AbstractCallSite.java:263)
at org.codehaus.groovy.runtime.callsite.AbstractCallSite.callConstructor(AbstractCallSite.java:277)
at io.restassured.internal.ResponseSpecificationImpl$HamcrestAssertionClosure.validate(ResponseSpecificationImpl.groovy:493)
at io.restassured.internal.ResponseSpecificationImpl$HamcrestAssertionClosure$validate$1.call(Unknown Source)
at org.codehaus.groovy.runtime.callsite.CallSiteArray.defaultCall(CallSiteArray.java:47)
at org.codehaus.groovy.runtime.callsite.AbstractCallSite.call(AbstractCallSite.java:125)
at org.codehaus.groovy.runtime.callsite.AbstractCallSite.call(AbstractCallSite.java:139)
at io.restassured.internal.ResponseSpecificationImpl.validateResponseIfRequired(ResponseSpecificationImpl.groovy:674)
at java.base/jdk.internal.reflect.NativeMethodAccessorImpl.invoke0(Native Method)
at java.base/jdk.internal.reflect.NativeMethodAccessorImpl.invoke(NativeMethodAccessorImpl.java:64)
at java.base/jdk.internal.reflect.DelegatingMethodAccessorImpl.invoke(DelegatingMethodAccessorImpl.java:43)
at java.base/java.lang.reflect.Method.invoke(Method.java:564)
at org.codehaus.groovy.runtime.callsite.PlainObjectMetaMethodSite.doInvoke(PlainObjectMetaMethodSite.java:43)
at org.codehaus.groovy.runtime.callsite.PogoMetaMethodSite$PogoCachedMethodSiteNoUnwrapNoCoerce.invoke(PogoMetaMethodSite.java:193)
at org.codehaus.groovy.runtime.callsite.PogoMetaMethodSite.callCurrent(PogoMetaMethodSite.java:61)
at org.codehaus.groovy.runtime.callsite.CallSiteArray.defaultCallCurrent(CallSiteArray.java:51)
at org.codehaus.groovy.runtime.callsite.AbstractCallSite.callCurrent(AbstractCallSite.java:171)
at org.codehaus.groovy.runtime.callsite.AbstractCallSite.callCurrent(AbstractCallSite.java:185)
at io.restassured.internal.ResponseSpecificationImpl.statusCode(ResponseSpecificationImpl.groovy:126)
at io.restassured.specification.ResponseSpecification$statusCode$0.callCurrent(Unknown Source)
at org.codehaus.groovy.runtime.callsite.CallSiteArray.defaultCallCurrent(CallSiteArray.java:51)
at org.codehaus.groovy.runtime.callsite.AbstractCallSite.callCurrent(AbstractCallSite.java:171)
at org.codehaus.groovy.runtime.callsite.AbstractCallSite.callCurrent(AbstractCallSite.java:185)
at io.restassured.internal.ResponseSpecificationImpl.statusCode(ResponseSpecificationImpl.groovy:134)
at io.restassured.internal.ValidatableResponseOptionsImpl.statusCode(ValidatableResponseOptionsImpl.java:89)
at io.restassured.internal.ValidatableResponseImpl.super$2$statusCode(ValidatableResponseImpl.groovy)
at java.base/jdk.internal.reflect.NativeMethodAccessorImpl.invoke0(Native Method)
at java.base/jdk.internal.reflect.NativeMethodAccessorImpl.invoke(NativeMethodAccessorImpl.java:64)
at java.base/jdk.internal.reflect.DelegatingMethodAccessorImpl.invoke(DelegatingMethodAccessorImpl.java:43)
at java.base/java.lang.reflect.Method.invoke(Method.java:564)
at org.codehaus.groovy.reflection.CachedMethod.invoke(CachedMethod.java:107)
at groovy.lang.MetaMethod.doMethodInvoke(MetaMethod.java:323)
at groovy.lang.MetaClassImpl.invokeMethod(MetaClassImpl.java:1268)
at org.codehaus.groovy.runtime.ScriptBytecodeAdapter.invokeMethodOnSuperN(ScriptBytecodeAdapter.java:144)
at io.restassured.internal.ValidatableResponseImpl.statusCode(ValidatableResponseImpl.groovy:142)
at io.restassured.internal.ValidatableResponseImpl.statusCode(ValidatableResponseImpl.groovy)
at IFSC_Lite_Test.TC_GET.APIResponse(TC_GET.java:107)
at java.base/jdk.internal.reflect.NativeMethodAccessorImpl.invoke0(Native Method)
at java.base/jdk.internal.reflect.NativeMethodAccessorImpl.invoke(NativeMethodAccessorImpl.java:64)
at java.base/jdk.internal.reflect.DelegatingMethodAccessorImpl.invoke(DelegatingMethodAccessorImpl.java:43)
at java.base/java.lang.reflect.Method.invoke(Method.java:564)
at org.testng.internal.MethodInvocationHelper.invokeMethod(MethodInvocationHelper.java:132)
at org.testng.internal.TestInvoker.invokeMethod(TestInvoker.java:599)
at org.testng.internal.TestInvoker.invokeTestMethod(TestInvoker.java:174)
at org.testng.internal.MethodRunner.runInSequence(MethodRunner.java:46)
at org.testng.internal.TestInvoker$MethodInvocationAgent.invoke(TestInvoker.java:822)
at org.testng.internal.TestInvoker.invokeTestMethods(TestInvoker.java:147)
at org.testng.internal.TestMethodWorker.invokeTestMethods(TestMethodWorker.java:146)
at org.testng.internal.TestMethodWorker.run(TestMethodWorker.java:128)
at java.base/java.util.ArrayList.forEach(ArrayList.java:1511)
at org.testng.TestRunner.privateRun(TestRunner.java:764)
at org.testng.TestRunner.run(TestRunner.java:585)
at org.testng.SuiteRunner.runTest(SuiteRunner.java:384)
at org.testng.SuiteRunner.runSequentially(SuiteRunner.java:378)
at org.testng.SuiteRunner.privateRun(SuiteRunner.java:337)
at org.testng.SuiteRunner.run(SuiteRunner.java:286)
at org.testng.SuiteRunnerWorker.runSuite(SuiteRunnerWorker.java:53)
at org.testng.SuiteRunnerWorker.run(SuiteRunnerWorker.java:96)
at org.testng.TestNG.runSuitesSequentially(TestNG.java:1218)
at org.testng.TestNG.runSuitesLocally(TestNG.java:1140)
at org.testng.TestNG.runSuites(TestNG.java:1069)
at org.testng.TestNG.run(TestNG.java:1037)
at org.testng.remote.AbstractRemoteTestNG.run(AbstractRemoteTestNG.java:115)
at org.testng.remote.RemoteTestNG.initAndRun(RemoteTestNG.java:251)
at org.testng.remote.RemoteTestNG.main(RemoteTestNG.java:77)
]]>
            </full-stacktrace>
          </exception> <!-- java.lang.AssertionError -->
          <reporter-output>
          </reporter-output>
        </test-method> <!-- APIResponse -->
      </class> <!-- IFSC_Lite_Test.TC_GET -->
      <class name="Passport_Lite_Prod.TC_Blank_API_key">
        <test-method signature="APIResponse()[pri:0, instance:Passport_Lite_Prod.TC_Blank_API_key@3fce8fd9]" started-at="2021-07-31T20:52:53 IST" name="APIResponse" finished-at="2021-07-31T20:52:54 IST" duration-ms="483" status="PASS">
          <reporter-output>
          </reporter-output>
        </test-method> <!-- APIResponse -->
      </class> <!-- Passport_Lite_Prod.TC_Blank_API_key -->
      <class name="RC_Lite_Test.TC_InActive_APP_ID">
        <test-method signature="APIResponse()[pri:0, instance:RC_Lite_Test.TC_InActive_APP_ID@609bcfb6]" started-at="2021-07-31T20:52:54 IST" name="APIResponse" finished-at="2021-07-31T20:52:54 IST" duration-ms="333" status="PASS">
          <reporter-output>
          </reporter-output>
        </test-method> <!-- APIResponse -->
      </class> <!-- RC_Lite_Test.TC_InActive_APP_ID -->
      <class name="PAN_Lite_Prod.TC_InActive_APP_ID">
        <test-method signature="APIResponse()[pri:0, instance:PAN_Lite_Prod.TC_InActive_APP_ID@7d94beb9]" started-at="2021-07-31T20:52:54 IST" name="APIResponse" finished-at="2021-07-31T20:52:54 IST" duration-ms="303" status="PASS">
          <reporter-output>
          </reporter-output>
        </test-method> <!-- APIResponse -->
      </class> <!-- PAN_Lite_Prod.TC_InActive_APP_ID -->
      <class name="PAN_Advance_Prod.TC_Blank_Body">
        <test-method signature="APIResponse()[pri:0, instance:PAN_Advance_Prod.TC_Blank_Body@560348e6]" started-at="2021-07-31T20:52:54 IST" name="APIResponse" finished-at="2021-07-31T20:52:55 IST" duration-ms="350" status="PASS">
          <reporter-output>
          </reporter-output>
        </test-method> <!-- APIResponse -->
      </class> <!-- PAN_Advance_Prod.TC_Blank_Body -->
      <class name="PAN_Lite_Prod.TC_InActive_API_key">
        <test-method signature="APIResponse()[pri:0, instance:PAN_Lite_Prod.TC_InActive_API_key@1df8b5b8]" started-at="2021-07-31T20:52:55 IST" name="APIResponse" finished-at="2021-07-31T20:52:56 IST" duration-ms="1232" status="PASS">
          <reporter-output>
          </reporter-output>
        </test-method> <!-- APIResponse -->
      </class> <!-- PAN_Lite_Prod.TC_InActive_API_key -->
      <class name="BAV_Lite_Prod.TC_InActive_APP_ID">
        <test-method signature="APIResponse()[pri:0, instance:BAV_Lite_Prod.TC_InActive_APP_ID@23202fce]" started-at="2021-07-31T20:52:56 IST" name="APIResponse" finished-at="2021-07-31T20:52:56 IST" duration-ms="329" status="PASS">
          <reporter-output>
          </reporter-output>
        </test-method> <!-- APIResponse -->
      </class> <!-- BAV_Lite_Prod.TC_InActive_APP_ID -->
      <class name="RC_Advance_Test.TC_InValid_RC">
        <test-method signature="APIResponse()[pri:0, instance:RC_Advance_Test.TC_InValid_RC@7b993c65]" started-at="2021-07-31T20:52:56 IST" name="APIResponse" finished-at="2021-07-31T20:52:57 IST" duration-ms="494" status="FAIL">
          <exception class="java.lang.ClassCastException">
            <message>
              <![CDATA[class java.lang.Integer cannot be cast to class java.lang.String (java.lang.Integer and java.lang.String are in module java.base of loader 'bootstrap')]]>
            </message>
            <full-stacktrace>
              <![CDATA[java.lang.ClassCastException: class java.lang.Integer cannot be cast to class java.lang.String (java.lang.Integer and java.lang.String are in module java.base of loader 'bootstrap')
at RC_Advance_Test.TC_InValid_RC.APIResponse(TC_InValid_RC.java:117)
at java.base/jdk.internal.reflect.NativeMethodAccessorImpl.invoke0(Native Method)
at java.base/jdk.internal.reflect.NativeMethodAccessorImpl.invoke(NativeMethodAccessorImpl.java:64)
at java.base/jdk.internal.reflect.DelegatingMethodAccessorImpl.invoke(DelegatingMethodAccessorImpl.java:43)
at java.base/java.lang.reflect.Method.invoke(Method.java:564)
at org.testng.internal.MethodInvocationHelper.invokeMethod(MethodInvocationHelper.java:132)
at org.testng.internal.TestInvoker.invokeMethod(TestInvoker.java:599)
at org.testng.internal.TestInvoker.invokeTestMethod(TestInvoker.java:174)
at org.testng.internal.MethodRunner.runInSequence(MethodRunner.java:46)
at org.testng.internal.TestInvoker$MethodInvocationAgent.invoke(TestInvoker.java:822)
at org.testng.internal.TestInvoker.invokeTestMethods(TestInvoker.java:147)
at org.testng.internal.TestMethodWorker.invokeTestMethods(TestMethodWorker.java:146)
at org.testng.internal.TestMethodWorker.run(TestMethodWorker.java:128)
at java.base/java.util.ArrayList.forEach(ArrayList.java:1511)
at org.testng.TestRunner.privateRun(TestRunner.java:764)
at org.testng.TestRunner.run(TestRunner.java:585)
at org.testng.SuiteRunner.runTest(SuiteRunner.java:384)
at org.testng.SuiteRunner.runSequentially(SuiteRunner.java:378)
at org.testng.SuiteRunner.privateRun(SuiteRunner.java:337)
at org.testng.SuiteRunner.run(SuiteRunner.java:286)
at org.testng.SuiteRunnerWorker.runSuite(SuiteRunnerWorker.java:53)
at org.testng.SuiteRunnerWorker.run(SuiteRunnerWorker.java:96)
at org.testng.TestNG.runSuitesSequentially(TestNG.java:1218)
at org.testng.TestNG.runSuitesLocally(TestNG.java:1140)
at org.testng.TestNG.runSuites(TestNG.java:1069)
at org.testng.TestNG.run(TestNG.java:1037)
at org.testng.remote.AbstractRemoteTestNG.run(AbstractRemoteTestNG.java:115)
at org.testng.remote.RemoteTestNG.initAndRun(RemoteTestNG.java:251)
at org.testng.remote.RemoteTestNG.main(RemoteTestNG.java:77)
]]>
            </full-stacktrace>
          </exception> <!-- java.lang.ClassCastException -->
          <reporter-output>
          </reporter-output>
        </test-method> <!-- APIResponse -->
      </class> <!-- RC_Advance_Test.TC_InValid_RC -->
      <class name="BAV_Lite_Prod.TC_Consent_N">
        <test-method signature="APIResponse()[pri:0, instance:BAV_Lite_Prod.TC_Consent_N@37911f88]" started-at="2021-07-31T20:52:57 IST" name="APIResponse" finished-at="2021-07-31T20:52:57 IST" duration-ms="417" status="PASS">
          <reporter-output>
          </reporter-output>
        </test-method> <!-- APIResponse -->
      </class> <!-- BAV_Lite_Prod.TC_Consent_N -->
      <class name="PAN_Lite_Test.TC_Sufficient_Balance_Wallet">
        <test-method signature="APIResponse()[pri:0, instance:PAN_Lite_Test.TC_Sufficient_Balance_Wallet@6f1c29b7]" started-at="2021-07-31T20:52:57 IST" name="APIResponse" finished-at="2021-07-31T20:52:59 IST" duration-ms="1283" status="PASS">
          <reporter-output>
          </reporter-output>
        </test-method> <!-- APIResponse -->
      </class> <!-- PAN_Lite_Test.TC_Sufficient_Balance_Wallet -->
      <class name="PAN_Advance_Test.TC_Low_Balance_Wallet">
        <test-method signature="APIResponse()[pri:0, instance:PAN_Advance_Test.TC_Low_Balance_Wallet@4d6025c5]" started-at="2021-07-31T20:52:59 IST" name="APIResponse" finished-at="2021-07-31T20:52:59 IST" duration-ms="446" status="FAIL">
          <exception class="java.lang.ClassCastException">
            <message>
              <![CDATA[class java.lang.Integer cannot be cast to class java.lang.String (java.lang.Integer and java.lang.String are in module java.base of loader 'bootstrap')]]>
            </message>
            <full-stacktrace>
              <![CDATA[java.lang.ClassCastException: class java.lang.Integer cannot be cast to class java.lang.String (java.lang.Integer and java.lang.String are in module java.base of loader 'bootstrap')
at PAN_Advance_Test.TC_Low_Balance_Wallet.APIResponse(TC_Low_Balance_Wallet.java:117)
at java.base/jdk.internal.reflect.NativeMethodAccessorImpl.invoke0(Native Method)
at java.base/jdk.internal.reflect.NativeMethodAccessorImpl.invoke(NativeMethodAccessorImpl.java:64)
at java.base/jdk.internal.reflect.DelegatingMethodAccessorImpl.invoke(DelegatingMethodAccessorImpl.java:43)
at java.base/java.lang.reflect.Method.invoke(Method.java:564)
at org.testng.internal.MethodInvocationHelper.invokeMethod(MethodInvocationHelper.java:132)
at org.testng.internal.TestInvoker.invokeMethod(TestInvoker.java:599)
at org.testng.internal.TestInvoker.invokeTestMethod(TestInvoker.java:174)
at org.testng.internal.MethodRunner.runInSequence(MethodRunner.java:46)
at org.testng.internal.TestInvoker$MethodInvocationAgent.invoke(TestInvoker.java:822)
at org.testng.internal.TestInvoker.invokeTestMethods(TestInvoker.java:147)
at org.testng.internal.TestMethodWorker.invokeTestMethods(TestMethodWorker.java:146)
at org.testng.internal.TestMethodWorker.run(TestMethodWorker.java:128)
at java.base/java.util.ArrayList.forEach(ArrayList.java:1511)
at org.testng.TestRunner.privateRun(TestRunner.java:764)
at org.testng.TestRunner.run(TestRunner.java:585)
at org.testng.SuiteRunner.runTest(SuiteRunner.java:384)
at org.testng.SuiteRunner.runSequentially(SuiteRunner.java:378)
at org.testng.SuiteRunner.privateRun(SuiteRunner.java:337)
at org.testng.SuiteRunner.run(SuiteRunner.java:286)
at org.testng.SuiteRunnerWorker.runSuite(SuiteRunnerWorker.java:53)
at org.testng.SuiteRunnerWorker.run(SuiteRunnerWorker.java:96)
at org.testng.TestNG.runSuitesSequentially(TestNG.java:1218)
at org.testng.TestNG.runSuitesLocally(TestNG.java:1140)
at org.testng.TestNG.runSuites(TestNG.java:1069)
at org.testng.TestNG.run(TestNG.java:1037)
at org.testng.remote.AbstractRemoteTestNG.run(AbstractRemoteTestNG.java:115)
at org.testng.remote.RemoteTestNG.initAndRun(RemoteTestNG.java:251)
at org.testng.remote.RemoteTestNG.main(RemoteTestNG.java:77)
]]>
            </full-stacktrace>
          </exception> <!-- java.lang.ClassCastException -->
          <reporter-output>
          </reporter-output>
        </test-method> <!-- APIResponse -->
      </class> <!-- PAN_Advance_Test.TC_Low_Balance_Wallet -->
      <class name="PAN_Lite_Test.TC_InValid_APP_Id_API_Key">
        <test-method signature="APIResponse()[pri:0, instance:PAN_Lite_Test.TC_InValid_APP_Id_API_Key@7f284218]" started-at="2021-07-31T20:52:59 IST" name="APIResponse" finished-at="2021-07-31T20:52:59 IST" duration-ms="212" status="PASS">
          <reporter-output>
          </reporter-output>
        </test-method> <!-- APIResponse -->
      </class> <!-- PAN_Lite_Test.TC_InValid_APP_Id_API_Key -->
      <class name="Passport_Lite_Prod.TC_Test_Limits_Exhaust">
        <test-method signature="APIResponse()[pri:0, instance:Passport_Lite_Prod.TC_Test_Limits_Exhaust@407a7f2a]" started-at="2021-07-31T20:52:59 IST" name="APIResponse" finished-at="2021-07-31T20:53:01 IST" duration-ms="1466" status="FAIL">
          <exception class="java.lang.AssertionError">
            <message>
              <![CDATA[expected [112] but found [100]]]>
            </message>
            <full-stacktrace>
              <![CDATA[java.lang.AssertionError: expected [112] but found [100]
at org.testng.Assert.fail(Assert.java:99)
at org.testng.Assert.failNotEquals(Assert.java:1037)
at org.testng.Assert.assertEqualsImpl(Assert.java:140)
at org.testng.Assert.assertEquals(Assert.java:122)
at org.testng.Assert.assertEquals(Assert.java:617)
at Passport_Lite_Prod.TC_Test_Limits_Exhaust.APIResponse(TC_Test_Limits_Exhaust.java:156)
at java.base/jdk.internal.reflect.NativeMethodAccessorImpl.invoke0(Native Method)
at java.base/jdk.internal.reflect.NativeMethodAccessorImpl.invoke(NativeMethodAccessorImpl.java:64)
at java.base/jdk.internal.reflect.DelegatingMethodAccessorImpl.invoke(DelegatingMethodAccessorImpl.java:43)
at java.base/java.lang.reflect.Method.invoke(Method.java:564)
at org.testng.internal.MethodInvocationHelper.invokeMethod(MethodInvocationHelper.java:132)
at org.testng.internal.TestInvoker.invokeMethod(TestInvoker.java:599)
at org.testng.internal.TestInvoker.invokeTestMethod(TestInvoker.java:174)
at org.testng.internal.MethodRunner.runInSequence(MethodRunner.java:46)
at org.testng.internal.TestInvoker$MethodInvocationAgent.invoke(TestInvoker.java:822)
at org.testng.internal.TestInvoker.invokeTestMethods(TestInvoker.java:147)
at org.testng.internal.TestMethodWorker.invokeTestMethods(TestMethodWorker.java:146)
at org.testng.internal.TestMethodWorker.run(TestMethodWorker.java:128)
at java.base/java.util.ArrayList.forEach(ArrayList.java:1511)
at org.testng.TestRunner.privateRun(TestRunner.java:764)
at org.testng.TestRunner.run(TestRunner.java:585)
at org.testng.SuiteRunner.runTest(SuiteRunner.java:384)
at org.testng.SuiteRunner.runSequentially(SuiteRunner.java:378)
at org.testng.SuiteRunner.privateRun(SuiteRunner.java:337)
at org.testng.SuiteRunner.run(SuiteRunner.java:286)
at org.testng.SuiteRunnerWorker.runSuite(SuiteRunnerWorker.java:53)
at org.testng.SuiteRunnerWorker.run(SuiteRunnerWorker.java:96)
at org.testng.TestNG.runSuitesSequentially(TestNG.java:1218)
at org.testng.TestNG.runSuitesLocally(TestNG.java:1140)
at org.testng.TestNG.runSuites(TestNG.java:1069)
at org.testng.TestNG.run(TestNG.java:1037)
at org.testng.remote.AbstractRemoteTestNG.run(AbstractRemoteTestNG.java:115)
at org.testng.remote.RemoteTestNG.initAndRun(RemoteTestNG.java:251)
at org.testng.remote.RemoteTestNG.main(RemoteTestNG.java:77)
]]>
            </full-stacktrace>
          </exception> <!-- java.lang.AssertionError -->
          <reporter-output>
          </reporter-output>
        </test-method> <!-- APIResponse -->
      </class> <!-- Passport_Lite_Prod.TC_Test_Limits_Exhaust -->
      <class name="PAN_Advance_Prod.TC_Blank_APP_Id">
        <test-method signature="APIResponse()[pri:0, instance:PAN_Advance_Prod.TC_Blank_APP_Id@4ea5b703]" started-at="2021-07-31T20:53:01 IST" name="APIResponse" finished-at="2021-07-31T20:53:01 IST" duration-ms="258" status="PASS">
          <reporter-output>
          </reporter-output>
        </test-method> <!-- APIResponse -->
      </class> <!-- PAN_Advance_Prod.TC_Blank_APP_Id -->
      <class name="GST_Lite_Prod.TC_Low_Balance_Wallet">
        <test-method signature="APIResponse()[pri:0, instance:GST_Lite_Prod.TC_Low_Balance_Wallet@3fa247d1]" started-at="2021-07-31T20:53:02 IST" name="APIResponse" finished-at="2021-07-31T20:53:03 IST" duration-ms="975" status="FAIL">
          <exception class="java.lang.AssertionError">
            <message>
              <![CDATA[expected [112] but found [100]]]>
            </message>
            <full-stacktrace>
              <![CDATA[java.lang.AssertionError: expected [112] but found [100]
at org.testng.Assert.fail(Assert.java:99)
at org.testng.Assert.failNotEquals(Assert.java:1037)
at org.testng.Assert.assertEqualsImpl(Assert.java:140)
at org.testng.Assert.assertEquals(Assert.java:122)
at org.testng.Assert.assertEquals(Assert.java:629)
at org.testng.Assert.assertEquals(Assert.java:639)
at GST_Lite_Prod.TC_Low_Balance_Wallet.APIResponse(TC_Low_Balance_Wallet.java:130)
at java.base/jdk.internal.reflect.NativeMethodAccessorImpl.invoke0(Native Method)
at java.base/jdk.internal.reflect.NativeMethodAccessorImpl.invoke(NativeMethodAccessorImpl.java:64)
at java.base/jdk.internal.reflect.DelegatingMethodAccessorImpl.invoke(DelegatingMethodAccessorImpl.java:43)
at java.base/java.lang.reflect.Method.invoke(Method.java:564)
at org.testng.internal.MethodInvocationHelper.invokeMethod(MethodInvocationHelper.java:132)
at org.testng.internal.TestInvoker.invokeMethod(TestInvoker.java:599)
at org.testng.internal.TestInvoker.invokeTestMethod(TestInvoker.java:174)
at org.testng.internal.MethodRunner.runInSequence(MethodRunner.java:46)
at org.testng.internal.TestInvoker$MethodInvocationAgent.invoke(TestInvoker.java:822)
at org.testng.internal.TestInvoker.invokeTestMethods(TestInvoker.java:147)
at org.testng.internal.TestMethodWorker.invokeTestMethods(TestMethodWorker.java:146)
at org.testng.internal.TestMethodWorker.run(TestMethodWorker.java:128)
at java.base/java.util.ArrayList.forEach(ArrayList.java:1511)
at org.testng.TestRunner.privateRun(TestRunner.java:764)
at org.testng.TestRunner.run(TestRunner.java:585)
at org.testng.SuiteRunner.runTest(SuiteRunner.java:384)
at org.testng.SuiteRunner.runSequentially(SuiteRunner.java:378)
at org.testng.SuiteRunner.privateRun(SuiteRunner.java:337)
at org.testng.SuiteRunner.run(SuiteRunner.java:286)
at org.testng.SuiteRunnerWorker.runSuite(SuiteRunnerWorker.java:53)
at org.testng.SuiteRunnerWorker.run(SuiteRunnerWorker.java:96)
at org.testng.TestNG.runSuitesSequentially(TestNG.java:1218)
at org.testng.TestNG.runSuitesLocally(TestNG.java:1140)
at org.testng.TestNG.runSuites(TestNG.java:1069)
at org.testng.TestNG.run(TestNG.java:1037)
at org.testng.remote.AbstractRemoteTestNG.run(AbstractRemoteTestNG.java:115)
at org.testng.remote.RemoteTestNG.initAndRun(RemoteTestNG.java:251)
at org.testng.remote.RemoteTestNG.main(RemoteTestNG.java:77)
]]>
            </full-stacktrace>
          </exception> <!-- java.lang.AssertionError -->
          <reporter-output>
          </reporter-output>
        </test-method> <!-- APIResponse -->
      </class> <!-- GST_Lite_Prod.TC_Low_Balance_Wallet -->
      <class name="PAN_Lite_Test.TC_InValid_PAN">
        <test-method signature="APIResponse()[pri:0, instance:PAN_Lite_Test.TC_InValid_PAN@2a7ed1f]" started-at="2021-07-31T20:53:01 IST" name="APIResponse" finished-at="2021-07-31T20:53:02 IST" duration-ms="1481" status="FAIL">
          <exception class="java.lang.ClassCastException">
            <message>
              <![CDATA[class java.lang.Integer cannot be cast to class java.lang.String (java.lang.Integer and java.lang.String are in module java.base of loader 'bootstrap')]]>
            </message>
            <full-stacktrace>
              <![CDATA[java.lang.ClassCastException: class java.lang.Integer cannot be cast to class java.lang.String (java.lang.Integer and java.lang.String are in module java.base of loader 'bootstrap')
at PAN_Lite_Test.TC_InValid_PAN.APIResponse(TC_InValid_PAN.java:118)
at java.base/jdk.internal.reflect.NativeMethodAccessorImpl.invoke0(Native Method)
at java.base/jdk.internal.reflect.NativeMethodAccessorImpl.invoke(NativeMethodAccessorImpl.java:64)
at java.base/jdk.internal.reflect.DelegatingMethodAccessorImpl.invoke(DelegatingMethodAccessorImpl.java:43)
at java.base/java.lang.reflect.Method.invoke(Method.java:564)
at org.testng.internal.MethodInvocationHelper.invokeMethod(MethodInvocationHelper.java:132)
at org.testng.internal.TestInvoker.invokeMethod(TestInvoker.java:599)
at org.testng.internal.TestInvoker.invokeTestMethod(TestInvoker.java:174)
at org.testng.internal.MethodRunner.runInSequence(MethodRunner.java:46)
at org.testng.internal.TestInvoker$MethodInvocationAgent.invoke(TestInvoker.java:822)
at org.testng.internal.TestInvoker.invokeTestMethods(TestInvoker.java:147)
at org.testng.internal.TestMethodWorker.invokeTestMethods(TestMethodWorker.java:146)
at org.testng.internal.TestMethodWorker.run(TestMethodWorker.java:128)
at java.base/java.util.ArrayList.forEach(ArrayList.java:1511)
at org.testng.TestRunner.privateRun(TestRunner.java:764)
at org.testng.TestRunner.run(TestRunner.java:585)
at org.testng.SuiteRunner.runTest(SuiteRunner.java:384)
at org.testng.SuiteRunner.runSequentially(SuiteRunner.java:378)
at org.testng.SuiteRunner.privateRun(SuiteRunner.java:337)
at org.testng.SuiteRunner.run(SuiteRunner.java:286)
at org.testng.SuiteRunnerWorker.runSuite(SuiteRunnerWorker.java:53)
at org.testng.SuiteRunnerWorker.run(SuiteRunnerWorker.java:96)
at org.testng.TestNG.runSuitesSequentially(TestNG.java:1218)
at org.testng.TestNG.runSuitesLocally(TestNG.java:1140)
at org.testng.TestNG.runSuites(TestNG.java:1069)
at org.testng.TestNG.run(TestNG.java:1037)
at org.testng.remote.AbstractRemoteTestNG.run(AbstractRemoteTestNG.java:115)
at org.testng.remote.RemoteTestNG.initAndRun(RemoteTestNG.java:251)
at org.testng.remote.RemoteTestNG.main(RemoteTestNG.java:77)
]]>
            </full-stacktrace>
          </exception> <!-- java.lang.ClassCastException -->
          <reporter-output>
          </reporter-output>
        </test-method> <!-- APIResponse -->
      </class> <!-- PAN_Lite_Test.TC_InValid_PAN -->
      <class name="Voter_Advance_Test.TC_InValid_APP_Id_API_Key">
        <test-method signature="APIResponse()[pri:0, instance:Voter_Advance_Test.TC_InValid_APP_Id_API_Key@2cb2fc20]" started-at="2021-07-31T20:53:03 IST" name="APIResponse" finished-at="2021-07-31T20:53:04 IST" duration-ms="308" status="PASS">
          <reporter-output>
          </reporter-output>
        </test-method> <!-- APIResponse -->
      </class> <!-- Voter_Advance_Test.TC_InValid_APP_Id_API_Key -->
      <class name="PAN_Lite_Test.TC_InValid_API_key">
        <test-method signature="APIResponse()[pri:0, instance:PAN_Lite_Test.TC_InValid_API_key@4f4c4b1a]" started-at="2021-07-31T20:53:04 IST" name="APIResponse" finished-at="2021-07-31T20:53:04 IST" duration-ms="332" status="PASS">
          <reporter-output>
          </reporter-output>
        </test-method> <!-- APIResponse -->
      </class> <!-- PAN_Lite_Test.TC_InValid_API_key -->
      <class name="RC_Advance_Prod.TC_Valid_Authentication_100">
        <test-method signature="APIResponse()[pri:0, instance:RC_Advance_Prod.TC_Valid_Authentication_100@723e88f9]" started-at="2021-07-31T20:53:04 IST" name="APIResponse" finished-at="2021-07-31T20:53:59 IST" duration-ms="54605" status="FAIL">
          <exception class="java.lang.AssertionError">
            <message>
              <![CDATA[expected [100] but found [108]]]>
            </message>
            <full-stacktrace>
              <![CDATA[java.lang.AssertionError: expected [100] but found [108]
at org.testng.Assert.fail(Assert.java:99)
at org.testng.Assert.failNotEquals(Assert.java:1037)
at org.testng.Assert.assertEqualsImpl(Assert.java:140)
at org.testng.Assert.assertEquals(Assert.java:122)
at org.testng.Assert.assertEquals(Assert.java:629)
at org.testng.Assert.assertEquals(Assert.java:639)
at RC_Advance_Prod.TC_Valid_Authentication_100.APIResponse(TC_Valid_Authentication_100.java:127)
at java.base/jdk.internal.reflect.NativeMethodAccessorImpl.invoke0(Native Method)
at java.base/jdk.internal.reflect.NativeMethodAccessorImpl.invoke(NativeMethodAccessorImpl.java:64)
at java.base/jdk.internal.reflect.DelegatingMethodAccessorImpl.invoke(DelegatingMethodAccessorImpl.java:43)
at java.base/java.lang.reflect.Method.invoke(Method.java:564)
at org.testng.internal.MethodInvocationHelper.invokeMethod(MethodInvocationHelper.java:132)
at org.testng.internal.TestInvoker.invokeMethod(TestInvoker.java:599)
at org.testng.internal.TestInvoker.invokeTestMethod(TestInvoker.java:174)
at org.testng.internal.MethodRunner.runInSequence(MethodRunner.java:46)
at org.testng.internal.TestInvoker$MethodInvocationAgent.invoke(TestInvoker.java:822)
at org.testng.internal.TestInvoker.invokeTestMethods(TestInvoker.java:147)
at org.testng.internal.TestMethodWorker.invokeTestMethods(TestMethodWorker.java:146)
at org.testng.internal.TestMethodWorker.run(TestMethodWorker.java:128)
at java.base/java.util.ArrayList.forEach(ArrayList.java:1511)
at org.testng.TestRunner.privateRun(TestRunner.java:764)
at org.testng.TestRunner.run(TestRunner.java:585)
at org.testng.SuiteRunner.runTest(SuiteRunner.java:384)
at org.testng.SuiteRunner.runSequentially(SuiteRunner.java:378)
at org.testng.SuiteRunner.privateRun(SuiteRunner.java:337)
at org.testng.SuiteRunner.run(SuiteRunner.java:286)
at org.testng.SuiteRunnerWorker.runSuite(SuiteRunnerWorker.java:53)
at org.testng.SuiteRunnerWorker.run(SuiteRunnerWorker.java:96)
at org.testng.TestNG.runSuitesSequentially(TestNG.java:1218)
at org.testng.TestNG.runSuitesLocally(TestNG.java:1140)
at org.testng.TestNG.runSuites(TestNG.java:1069)
at org.testng.TestNG.run(TestNG.java:1037)
at org.testng.remote.AbstractRemoteTestNG.run(AbstractRemoteTestNG.java:115)
at org.testng.remote.RemoteTestNG.initAndRun(RemoteTestNG.java:251)
at org.testng.remote.RemoteTestNG.main(RemoteTestNG.java:77)
]]>
            </full-stacktrace>
          </exception> <!-- java.lang.AssertionError -->
          <reporter-output>
          </reporter-output>
        </test-method> <!-- APIResponse -->
      </class> <!-- RC_Advance_Prod.TC_Valid_Authentication_100 -->
      <class name="Passport_Lite_Prod.TC_InValid_customer_dob">
        <test-method signature="APIResponse()[pri:0, instance:Passport_Lite_Prod.TC_InValid_customer_dob@5f0fd5a0]" started-at="2021-07-31T20:53:59 IST" name="APIResponse" finished-at="2021-07-31T20:53:59 IST" duration-ms="348" status="PASS">
          <reporter-output>
          </reporter-output>
        </test-method> <!-- APIResponse -->
      </class> <!-- Passport_Lite_Prod.TC_InValid_customer_dob -->
      <class name="Voter_Advance_Prod.TC_GET">
        <test-method signature="APIResponse()[pri:0, instance:Voter_Advance_Prod.TC_GET@64e7619d]" started-at="2021-07-31T20:53:59 IST" name="APIResponse" finished-at="2021-07-31T20:54:00 IST" duration-ms="1229" status="PASS">
          <reporter-output>
          </reporter-output>
        </test-method> <!-- APIResponse -->
      </class> <!-- Voter_Advance_Prod.TC_GET -->
      <class name="Passport_Lite_Prod.TC_Blank_Body">
        <test-method signature="APIResponse()[pri:0, instance:Passport_Lite_Prod.TC_Blank_Body@495ee280]" started-at="2021-07-31T20:54:00 IST" name="APIResponse" finished-at="2021-07-31T20:54:01 IST" duration-ms="1116" status="PASS">
          <reporter-output>
          </reporter-output>
        </test-method> <!-- APIResponse -->
      </class> <!-- Passport_Lite_Prod.TC_Blank_Body -->
      <class name="Passport_Lite_Prod.TC_InValid_APP_Id_API_Key">
        <test-method signature="APIResponse()[pri:0, instance:Passport_Lite_Prod.TC_InValid_APP_Id_API_Key@4fa1c212]" started-at="2021-07-31T20:54:01 IST" name="APIResponse" finished-at="2021-07-31T20:54:03 IST" duration-ms="1780" status="PASS">
          <reporter-output>
          </reporter-output>
        </test-method> <!-- APIResponse -->
      </class> <!-- Passport_Lite_Prod.TC_InValid_APP_Id_API_Key -->
      <class name="RC_Lite_Prod.TC_Low_Balance_Wallet">
        <test-method signature="APIResponse()[pri:0, instance:RC_Lite_Prod.TC_Low_Balance_Wallet@6ea2bc93]" started-at="2021-07-31T20:54:03 IST" name="APIResponse" finished-at="2021-07-31T20:55:10 IST" duration-ms="67166" status="FAIL">
          <exception class="java.lang.AssertionError">
            <message>
              <![CDATA[expected [112] but found [108]]]>
            </message>
            <full-stacktrace>
              <![CDATA[java.lang.AssertionError: expected [112] but found [108]
at org.testng.Assert.fail(Assert.java:99)
at org.testng.Assert.failNotEquals(Assert.java:1037)
at org.testng.Assert.assertEqualsImpl(Assert.java:140)
at org.testng.Assert.assertEquals(Assert.java:122)
at org.testng.Assert.assertEquals(Assert.java:629)
at org.testng.Assert.assertEquals(Assert.java:639)
at RC_Lite_Prod.TC_Low_Balance_Wallet.APIResponse(TC_Low_Balance_Wallet.java:130)
at java.base/jdk.internal.reflect.NativeMethodAccessorImpl.invoke0(Native Method)
at java.base/jdk.internal.reflect.NativeMethodAccessorImpl.invoke(NativeMethodAccessorImpl.java:64)
at java.base/jdk.internal.reflect.DelegatingMethodAccessorImpl.invoke(DelegatingMethodAccessorImpl.java:43)
at java.base/java.lang.reflect.Method.invoke(Method.java:564)
at org.testng.internal.MethodInvocationHelper.invokeMethod(MethodInvocationHelper.java:132)
at org.testng.internal.TestInvoker.invokeMethod(TestInvoker.java:599)
at org.testng.internal.TestInvoker.invokeTestMethod(TestInvoker.java:174)
at org.testng.internal.MethodRunner.runInSequence(MethodRunner.java:46)
at org.testng.internal.TestInvoker$MethodInvocationAgent.invoke(TestInvoker.java:822)
at org.testng.internal.TestInvoker.invokeTestMethods(TestInvoker.java:147)
at org.testng.internal.TestMethodWorker.invokeTestMethods(TestMethodWorker.java:146)
at org.testng.internal.TestMethodWorker.run(TestMethodWorker.java:128)
at java.base/java.util.ArrayList.forEach(ArrayList.java:1511)
at org.testng.TestRunner.privateRun(TestRunner.java:764)
at org.testng.TestRunner.run(TestRunner.java:585)
at org.testng.SuiteRunner.runTest(SuiteRunner.java:384)
at org.testng.SuiteRunner.runSequentially(SuiteRunner.java:378)
at org.testng.SuiteRunner.privateRun(SuiteRunner.java:337)
at org.testng.SuiteRunner.run(SuiteRunner.java:286)
at org.testng.SuiteRunnerWorker.runSuite(SuiteRunnerWorker.java:53)
at org.testng.SuiteRunnerWorker.run(SuiteRunnerWorker.java:96)
at org.testng.TestNG.runSuitesSequentially(TestNG.java:1218)
at org.testng.TestNG.runSuitesLocally(TestNG.java:1140)
at org.testng.TestNG.runSuites(TestNG.java:1069)
at org.testng.TestNG.run(TestNG.java:1037)
at org.testng.remote.AbstractRemoteTestNG.run(AbstractRemoteTestNG.java:115)
at org.testng.remote.RemoteTestNG.initAndRun(RemoteTestNG.java:251)
at org.testng.remote.RemoteTestNG.main(RemoteTestNG.java:77)
]]>
            </full-stacktrace>
          </exception> <!-- java.lang.AssertionError -->
          <reporter-output>
          </reporter-output>
        </test-method> <!-- APIResponse -->
      </class> <!-- RC_Lite_Prod.TC_Low_Balance_Wallet -->
      <class name="Voter_Advance_Prod.TC_Product_Subscribed">
        <test-method signature="APIResponse()[pri:0, instance:Voter_Advance_Prod.TC_Product_Subscribed@3116c353]" started-at="2021-07-31T20:55:10 IST" name="APIResponse" finished-at="2021-07-31T20:55:13 IST" duration-ms="2695" status="PASS">
          <reporter-output>
          </reporter-output>
        </test-method> <!-- APIResponse -->
      </class> <!-- Voter_Advance_Prod.TC_Product_Subscribed -->
      <class name="PAN_Advance_Test.TC_Consent_N">
        <test-method signature="APIResponse()[pri:0, instance:PAN_Advance_Test.TC_Consent_N@4e928fbf]" started-at="2021-07-31T20:55:23 IST" name="APIResponse" finished-at="2021-07-31T20:55:23 IST" duration-ms="244" status="FAIL">
          <exception class="java.lang.AssertionError">
            <message>
              <![CDATA[expected [104] but found [112]]]>
            </message>
            <full-stacktrace>
              <![CDATA[java.lang.AssertionError: expected [104] but found [112]
at org.testng.Assert.fail(Assert.java:99)
at org.testng.Assert.failNotEquals(Assert.java:1037)
at org.testng.Assert.assertEqualsImpl(Assert.java:140)
at org.testng.Assert.assertEquals(Assert.java:122)
at org.testng.Assert.assertEquals(Assert.java:907)
at org.testng.Assert.assertEquals(Assert.java:917)
at PAN_Advance_Test.TC_Consent_N.APIResponse(TC_Consent_N.java:127)
at java.base/jdk.internal.reflect.NativeMethodAccessorImpl.invoke0(Native Method)
at java.base/jdk.internal.reflect.NativeMethodAccessorImpl.invoke(NativeMethodAccessorImpl.java:64)
at java.base/jdk.internal.reflect.DelegatingMethodAccessorImpl.invoke(DelegatingMethodAccessorImpl.java:43)
at java.base/java.lang.reflect.Method.invoke(Method.java:564)
at org.testng.internal.MethodInvocationHelper.invokeMethod(MethodInvocationHelper.java:132)
at org.testng.internal.TestInvoker.invokeMethod(TestInvoker.java:599)
at org.testng.internal.TestInvoker.invokeTestMethod(TestInvoker.java:174)
at org.testng.internal.MethodRunner.runInSequence(MethodRunner.java:46)
at org.testng.internal.TestInvoker$MethodInvocationAgent.invoke(TestInvoker.java:822)
at org.testng.internal.TestInvoker.invokeTestMethods(TestInvoker.java:147)
at org.testng.internal.TestMethodWorker.invokeTestMethods(TestMethodWorker.java:146)
at org.testng.internal.TestMethodWorker.run(TestMethodWorker.java:128)
at java.base/java.util.ArrayList.forEach(ArrayList.java:1511)
at org.testng.TestRunner.privateRun(TestRunner.java:764)
at org.testng.TestRunner.run(TestRunner.java:585)
at org.testng.SuiteRunner.runTest(SuiteRunner.java:384)
at org.testng.SuiteRunner.runSequentially(SuiteRunner.java:378)
at org.testng.SuiteRunner.privateRun(SuiteRunner.java:337)
at org.testng.SuiteRunner.run(SuiteRunner.java:286)
at org.testng.SuiteRunnerWorker.runSuite(SuiteRunnerWorker.java:53)
at org.testng.SuiteRunnerWorker.run(SuiteRunnerWorker.java:96)
at org.testng.TestNG.runSuitesSequentially(TestNG.java:1218)
at org.testng.TestNG.runSuitesLocally(TestNG.java:1140)
at org.testng.TestNG.runSuites(TestNG.java:1069)
at org.testng.TestNG.run(TestNG.java:1037)
at org.testng.remote.AbstractRemoteTestNG.run(AbstractRemoteTestNG.java:115)
at org.testng.remote.RemoteTestNG.initAndRun(RemoteTestNG.java:251)
at org.testng.remote.RemoteTestNG.main(RemoteTestNG.java:77)
]]>
            </full-stacktrace>
          </exception> <!-- java.lang.AssertionError -->
          <reporter-output>
          </reporter-output>
        </test-method> <!-- APIResponse -->
      </class> <!-- PAN_Advance_Test.TC_Consent_N -->
      <class name="Passport_Lite_Prod.TC_InValid_Passport_Type">
        <test-method signature="APIResponse()[pri:0, instance:Passport_Lite_Prod.TC_InValid_Passport_Type@f627d13]" started-at="2021-07-31T20:55:13 IST" name="APIResponse" finished-at="2021-07-31T20:55:23 IST" duration-ms="9679" status="PASS">
          <reporter-output>
          </reporter-output>
        </test-method> <!-- APIResponse -->
      </class> <!-- Passport_Lite_Prod.TC_InValid_Passport_Type -->
      <class name="Voter_Advance_Prod.TC_Blank_APP_Id">
        <test-method signature="APIResponse()[pri:0, instance:Voter_Advance_Prod.TC_Blank_APP_Id@352ff4da]" started-at="2021-07-31T20:55:23 IST" name="APIResponse" finished-at="2021-07-31T20:55:23 IST" duration-ms="303" status="PASS">
          <reporter-output>
          </reporter-output>
        </test-method> <!-- APIResponse -->
      </class> <!-- Voter_Advance_Prod.TC_Blank_APP_Id -->
      <class name="RC_Advance_Test.TC_GET">
        <test-method signature="APIResponse()[pri:0, instance:RC_Advance_Test.TC_GET@3224a577]" started-at="2021-07-31T20:55:23 IST" name="APIResponse" finished-at="2021-07-31T20:55:24 IST" duration-ms="646" status="FAIL">
          <exception class="java.lang.AssertionError">
            <message>
              <![CDATA[1 expectation failed.
Expected status code <500> but was <403>.
]]>
            </message>
            <full-stacktrace>
              <![CDATA[java.lang.AssertionError: 1 expectation failed.
Expected status code <500> but was <403>.

at java.base/jdk.internal.reflect.NativeConstructorAccessorImpl.newInstance0(Native Method)
at java.base/jdk.internal.reflect.NativeConstructorAccessorImpl.newInstance(NativeConstructorAccessorImpl.java:64)
at java.base/jdk.internal.reflect.DelegatingConstructorAccessorImpl.newInstance(DelegatingConstructorAccessorImpl.java:45)
at java.base/java.lang.reflect.Constructor.newInstanceWithCaller(Constructor.java:500)
at java.base/java.lang.reflect.Constructor.newInstance(Constructor.java:481)
at org.codehaus.groovy.reflection.CachedConstructor.invoke(CachedConstructor.java:72)
at org.codehaus.groovy.reflection.CachedConstructor.doConstructorInvoke(CachedConstructor.java:59)
at org.codehaus.groovy.runtime.callsite.ConstructorSite$ConstructorSiteNoUnwrap.callConstructor(ConstructorSite.java:84)
at org.codehaus.groovy.runtime.callsite.AbstractCallSite.callConstructor(AbstractCallSite.java:277)
at io.restassured.internal.ResponseSpecificationImpl$HamcrestAssertionClosure.validate(ResponseSpecificationImpl.groovy:493)
at io.restassured.internal.ResponseSpecificationImpl$HamcrestAssertionClosure$validate$1.call(Unknown Source)
at io.restassured.internal.ResponseSpecificationImpl.validateResponseIfRequired(ResponseSpecificationImpl.groovy:674)
at java.base/jdk.internal.reflect.NativeMethodAccessorImpl.invoke0(Native Method)
at java.base/jdk.internal.reflect.NativeMethodAccessorImpl.invoke(NativeMethodAccessorImpl.java:64)
at java.base/jdk.internal.reflect.DelegatingMethodAccessorImpl.invoke(DelegatingMethodAccessorImpl.java:43)
at java.base/java.lang.reflect.Method.invoke(Method.java:564)
at org.codehaus.groovy.runtime.callsite.PlainObjectMetaMethodSite.doInvoke(PlainObjectMetaMethodSite.java:43)
at org.codehaus.groovy.runtime.callsite.PogoMetaMethodSite$PogoCachedMethodSiteNoUnwrapNoCoerce.invoke(PogoMetaMethodSite.java:193)
at org.codehaus.groovy.runtime.callsite.PogoMetaMethodSite.callCurrent(PogoMetaMethodSite.java:61)
at org.codehaus.groovy.runtime.callsite.AbstractCallSite.callCurrent(AbstractCallSite.java:185)
at io.restassured.internal.ResponseSpecificationImpl.statusCode(ResponseSpecificationImpl.groovy:126)
at io.restassured.specification.ResponseSpecification$statusCode$0.callCurrent(Unknown Source)
at io.restassured.internal.ResponseSpecificationImpl.statusCode(ResponseSpecificationImpl.groovy:134)
at io.restassured.internal.ValidatableResponseOptionsImpl.statusCode(ValidatableResponseOptionsImpl.java:89)
at io.restassured.internal.ValidatableResponseImpl.super$2$statusCode(ValidatableResponseImpl.groovy)
at java.base/jdk.internal.reflect.NativeMethodAccessorImpl.invoke0(Native Method)
at java.base/jdk.internal.reflect.NativeMethodAccessorImpl.invoke(NativeMethodAccessorImpl.java:64)
at java.base/jdk.internal.reflect.DelegatingMethodAccessorImpl.invoke(DelegatingMethodAccessorImpl.java:43)
at java.base/java.lang.reflect.Method.invoke(Method.java:564)
at org.codehaus.groovy.reflection.CachedMethod.invoke(CachedMethod.java:107)
at groovy.lang.MetaMethod.doMethodInvoke(MetaMethod.java:323)
at groovy.lang.MetaClassImpl.invokeMethod(MetaClassImpl.java:1268)
at org.codehaus.groovy.runtime.ScriptBytecodeAdapter.invokeMethodOnSuperN(ScriptBytecodeAdapter.java:144)
at io.restassured.internal.ValidatableResponseImpl.statusCode(ValidatableResponseImpl.groovy:142)
at io.restassured.internal.ValidatableResponseImpl.statusCode(ValidatableResponseImpl.groovy)
at RC_Advance_Test.TC_GET.APIResponse(TC_GET.java:110)
at java.base/jdk.internal.reflect.NativeMethodAccessorImpl.invoke0(Native Method)
at java.base/jdk.internal.reflect.NativeMethodAccessorImpl.invoke(NativeMethodAccessorImpl.java:64)
at java.base/jdk.internal.reflect.DelegatingMethodAccessorImpl.invoke(DelegatingMethodAccessorImpl.java:43)
at java.base/java.lang.reflect.Method.invoke(Method.java:564)
at org.testng.internal.MethodInvocationHelper.invokeMethod(MethodInvocationHelper.java:132)
at org.testng.internal.TestInvoker.invokeMethod(TestInvoker.java:599)
at org.testng.internal.TestInvoker.invokeTestMethod(TestInvoker.java:174)
at org.testng.internal.MethodRunner.runInSequence(MethodRunner.java:46)
at org.testng.internal.TestInvoker$MethodInvocationAgent.invoke(TestInvoker.java:822)
at org.testng.internal.TestInvoker.invokeTestMethods(TestInvoker.java:147)
at org.testng.internal.TestMethodWorker.invokeTestMethods(TestMethodWorker.java:146)
at org.testng.internal.TestMethodWorker.run(TestMethodWorker.java:128)
at java.base/java.util.ArrayList.forEach(ArrayList.java:1511)
at org.testng.TestRunner.privateRun(TestRunner.java:764)
at org.testng.TestRunner.run(TestRunner.java:585)
at org.testng.SuiteRunner.runTest(SuiteRunner.java:384)
at org.testng.SuiteRunner.runSequentially(SuiteRunner.java:378)
at org.testng.SuiteRunner.privateRun(SuiteRunner.java:337)
at org.testng.SuiteRunner.run(SuiteRunner.java:286)
at org.testng.SuiteRunnerWorker.runSuite(SuiteRunnerWorker.java:53)
at org.testng.SuiteRunnerWorker.run(SuiteRunnerWorker.java:96)
at org.testng.TestNG.runSuitesSequentially(TestNG.java:1218)
at org.testng.TestNG.runSuitesLocally(TestNG.java:1140)
at org.testng.TestNG.runSuites(TestNG.java:1069)
at org.testng.TestNG.run(TestNG.java:1037)
at org.testng.remote.AbstractRemoteTestNG.run(AbstractRemoteTestNG.java:115)
at org.testng.remote.RemoteTestNG.initAndRun(RemoteTestNG.java:251)
at org.testng.remote.RemoteTestNG.main(RemoteTestNG.java:77)
]]>
            </full-stacktrace>
          </exception> <!-- java.lang.AssertionError -->
          <reporter-output>
          </reporter-output>
        </test-method> <!-- APIResponse -->
      </class> <!-- RC_Advance_Test.TC_GET -->
      <class name="GST_Lite_Test.TC_Consent_Text_200_PLUS">
        <test-method signature="APIResponse()[pri:0, instance:GST_Lite_Test.TC_Consent_Text_200_PLUS@748741cb]" started-at="2021-07-31T20:55:24 IST" name="APIResponse" finished-at="2021-07-31T20:55:25 IST" duration-ms="316" status="FAIL">
          <exception class="java.lang.AssertionError">
            <message>
              <![CDATA[expected [104] but found [112]]]>
            </message>
            <full-stacktrace>
              <![CDATA[java.lang.AssertionError: expected [104] but found [112]
at org.testng.Assert.fail(Assert.java:99)
at org.testng.Assert.failNotEquals(Assert.java:1037)
at org.testng.Assert.assertEqualsImpl(Assert.java:140)
at org.testng.Assert.assertEquals(Assert.java:122)
at org.testng.Assert.assertEquals(Assert.java:907)
at org.testng.Assert.assertEquals(Assert.java:917)
at GST_Lite_Test.TC_Consent_Text_200_PLUS.APIResponse(TC_Consent_Text_200_PLUS.java:129)
at java.base/jdk.internal.reflect.NativeMethodAccessorImpl.invoke0(Native Method)
at java.base/jdk.internal.reflect.NativeMethodAccessorImpl.invoke(NativeMethodAccessorImpl.java:64)
at java.base/jdk.internal.reflect.DelegatingMethodAccessorImpl.invoke(DelegatingMethodAccessorImpl.java:43)
at java.base/java.lang.reflect.Method.invoke(Method.java:564)
at org.testng.internal.MethodInvocationHelper.invokeMethod(MethodInvocationHelper.java:132)
at org.testng.internal.TestInvoker.invokeMethod(TestInvoker.java:599)
at org.testng.internal.TestInvoker.invokeTestMethod(TestInvoker.java:174)
at org.testng.internal.MethodRunner.runInSequence(MethodRunner.java:46)
at org.testng.internal.TestInvoker$MethodInvocationAgent.invoke(TestInvoker.java:822)
at org.testng.internal.TestInvoker.invokeTestMethods(TestInvoker.java:147)
at org.testng.internal.TestMethodWorker.invokeTestMethods(TestMethodWorker.java:146)
at org.testng.internal.TestMethodWorker.run(TestMethodWorker.java:128)
at java.base/java.util.ArrayList.forEach(ArrayList.java:1511)
at org.testng.TestRunner.privateRun(TestRunner.java:764)
at org.testng.TestRunner.run(TestRunner.java:585)
at org.testng.SuiteRunner.runTest(SuiteRunner.java:384)
at org.testng.SuiteRunner.runSequentially(SuiteRunner.java:378)
at org.testng.SuiteRunner.privateRun(SuiteRunner.java:337)
at org.testng.SuiteRunner.run(SuiteRunner.java:286)
at org.testng.SuiteRunnerWorker.runSuite(SuiteRunnerWorker.java:53)
at org.testng.SuiteRunnerWorker.run(SuiteRunnerWorker.java:96)
at org.testng.TestNG.runSuitesSequentially(TestNG.java:1218)
at org.testng.TestNG.runSuitesLocally(TestNG.java:1140)
at org.testng.TestNG.runSuites(TestNG.java:1069)
at org.testng.TestNG.run(TestNG.java:1037)
at org.testng.remote.AbstractRemoteTestNG.run(AbstractRemoteTestNG.java:115)
at org.testng.remote.RemoteTestNG.initAndRun(RemoteTestNG.java:251)
at org.testng.remote.RemoteTestNG.main(RemoteTestNG.java:77)
]]>
            </full-stacktrace>
          </exception> <!-- java.lang.AssertionError -->
          <reporter-output>
          </reporter-output>
        </test-method> <!-- APIResponse -->
      </class> <!-- GST_Lite_Test.TC_Consent_Text_200_PLUS -->
      <class name="GST_Advance_Test.TC_Blank_API_key">
        <test-method signature="APIResponse()[pri:0, instance:GST_Advance_Test.TC_Blank_API_key@2e32ccc5]" started-at="2021-07-31T20:55:24 IST" name="APIResponse" finished-at="2021-07-31T20:55:24 IST" duration-ms="375" status="PASS">
          <reporter-output>
          </reporter-output>
        </test-method> <!-- APIResponse -->
      </class> <!-- GST_Advance_Test.TC_Blank_API_key -->
      <class name="DL_Advance_Prod.TC_Consent_Text_200_PLUS">
        <test-method signature="APIResponse()[pri:0, instance:DL_Advance_Prod.TC_Consent_Text_200_PLUS@3e44f2a5]" started-at="2021-07-31T20:55:25 IST" name="APIResponse" finished-at="2021-07-31T20:55:25 IST" duration-ms="440" status="PASS">
          <reporter-output>
          </reporter-output>
        </test-method> <!-- APIResponse -->
      </class> <!-- DL_Advance_Prod.TC_Consent_Text_200_PLUS -->
      <class name="BAV_Lite_Prod.TC_InValid_APP_Id">
        <test-method signature="APIResponse()[pri:0, instance:BAV_Lite_Prod.TC_InValid_APP_Id@295cf707]" started-at="2021-07-31T20:55:25 IST" name="APIResponse" finished-at="2021-07-31T20:55:26 IST" duration-ms="790" status="PASS">
          <reporter-output>
          </reporter-output>
        </test-method> <!-- APIResponse -->
      </class> <!-- BAV_Lite_Prod.TC_InValid_APP_Id -->
      <class name="DL_Advance_Test.TC_Low_Balance_Wallet">
        <test-method signature="APIResponse()[pri:0, instance:DL_Advance_Test.TC_Low_Balance_Wallet@1130520d]" started-at="2021-07-31T20:55:26 IST" name="APIResponse" finished-at="2021-07-31T20:55:26 IST" duration-ms="259" status="FAIL">
          <exception class="java.lang.ClassCastException">
            <message>
              <![CDATA[class java.lang.Integer cannot be cast to class java.lang.String (java.lang.Integer and java.lang.String are in module java.base of loader 'bootstrap')]]>
            </message>
            <full-stacktrace>
              <![CDATA[java.lang.ClassCastException: class java.lang.Integer cannot be cast to class java.lang.String (java.lang.Integer and java.lang.String are in module java.base of loader 'bootstrap')
at DL_Advance_Test.TC_Low_Balance_Wallet.APIResponse(TC_Low_Balance_Wallet.java:114)
at java.base/jdk.internal.reflect.NativeMethodAccessorImpl.invoke0(Native Method)
at java.base/jdk.internal.reflect.NativeMethodAccessorImpl.invoke(NativeMethodAccessorImpl.java:64)
at java.base/jdk.internal.reflect.DelegatingMethodAccessorImpl.invoke(DelegatingMethodAccessorImpl.java:43)
at java.base/java.lang.reflect.Method.invoke(Method.java:564)
at org.testng.internal.MethodInvocationHelper.invokeMethod(MethodInvocationHelper.java:132)
at org.testng.internal.TestInvoker.invokeMethod(TestInvoker.java:599)
at org.testng.internal.TestInvoker.invokeTestMethod(TestInvoker.java:174)
at org.testng.internal.MethodRunner.runInSequence(MethodRunner.java:46)
at org.testng.internal.TestInvoker$MethodInvocationAgent.invoke(TestInvoker.java:822)
at org.testng.internal.TestInvoker.invokeTestMethods(TestInvoker.java:147)
at org.testng.internal.TestMethodWorker.invokeTestMethods(TestMethodWorker.java:146)
at org.testng.internal.TestMethodWorker.run(TestMethodWorker.java:128)
at java.base/java.util.ArrayList.forEach(ArrayList.java:1511)
at org.testng.TestRunner.privateRun(TestRunner.java:764)
at org.testng.TestRunner.run(TestRunner.java:585)
at org.testng.SuiteRunner.runTest(SuiteRunner.java:384)
at org.testng.SuiteRunner.runSequentially(SuiteRunner.java:378)
at org.testng.SuiteRunner.privateRun(SuiteRunner.java:337)
at org.testng.SuiteRunner.run(SuiteRunner.java:286)
at org.testng.SuiteRunnerWorker.runSuite(SuiteRunnerWorker.java:53)
at org.testng.SuiteRunnerWorker.run(SuiteRunnerWorker.java:96)
at org.testng.TestNG.runSuitesSequentially(TestNG.java:1218)
at org.testng.TestNG.runSuitesLocally(TestNG.java:1140)
at org.testng.TestNG.runSuites(TestNG.java:1069)
at org.testng.TestNG.run(TestNG.java:1037)
at org.testng.remote.AbstractRemoteTestNG.run(AbstractRemoteTestNG.java:115)
at org.testng.remote.RemoteTestNG.initAndRun(RemoteTestNG.java:251)
at org.testng.remote.RemoteTestNG.main(RemoteTestNG.java:77)
]]>
            </full-stacktrace>
          </exception> <!-- java.lang.ClassCastException -->
          <reporter-output>
          </reporter-output>
        </test-method> <!-- APIResponse -->
      </class> <!-- DL_Advance_Test.TC_Low_Balance_Wallet -->
      <class name="Voter_Advance_Test.TC_InValid_EndPoint">
        <test-method signature="APIResponse()[pri:0, instance:Voter_Advance_Test.TC_InValid_EndPoint@5f77d0f9]" started-at="2021-07-31T20:55:26 IST" name="APIResponse" finished-at="2021-07-31T20:55:26 IST" duration-ms="105" status="PASS">
          <reporter-output>
          </reporter-output>
        </test-method> <!-- APIResponse -->
      </class> <!-- Voter_Advance_Test.TC_InValid_EndPoint -->
      <class name="PAN_Lite_Test.TC_Consent_Text_200_PLUS">
        <test-method signature="APIResponse()[pri:0, instance:PAN_Lite_Test.TC_Consent_Text_200_PLUS@463fd068]" started-at="2021-07-31T20:55:26 IST" name="APIResponse" finished-at="2021-07-31T20:55:27 IST" duration-ms="551" status="FAIL">
          <exception class="java.lang.AssertionError">
            <message>
              <![CDATA[expected [104] but found [112]]]>
            </message>
            <full-stacktrace>
              <![CDATA[java.lang.AssertionError: expected [104] but found [112]
at org.testng.Assert.fail(Assert.java:99)
at org.testng.Assert.failNotEquals(Assert.java:1037)
at org.testng.Assert.assertEqualsImpl(Assert.java:140)
at org.testng.Assert.assertEquals(Assert.java:122)
at org.testng.Assert.assertEquals(Assert.java:907)
at org.testng.Assert.assertEquals(Assert.java:917)
at PAN_Lite_Test.TC_Consent_Text_200_PLUS.APIResponse(TC_Consent_Text_200_PLUS.java:127)
at java.base/jdk.internal.reflect.NativeMethodAccessorImpl.invoke0(Native Method)
at java.base/jdk.internal.reflect.NativeMethodAccessorImpl.invoke(NativeMethodAccessorImpl.java:64)
at java.base/jdk.internal.reflect.DelegatingMethodAccessorImpl.invoke(DelegatingMethodAccessorImpl.java:43)
at java.base/java.lang.reflect.Method.invoke(Method.java:564)
at org.testng.internal.MethodInvocationHelper.invokeMethod(MethodInvocationHelper.java:132)
at org.testng.internal.TestInvoker.invokeMethod(TestInvoker.java:599)
at org.testng.internal.TestInvoker.invokeTestMethod(TestInvoker.java:174)
at org.testng.internal.MethodRunner.runInSequence(MethodRunner.java:46)
at org.testng.internal.TestInvoker$MethodInvocationAgent.invoke(TestInvoker.java:822)
at org.testng.internal.TestInvoker.invokeTestMethods(TestInvoker.java:147)
at org.testng.internal.TestMethodWorker.invokeTestMethods(TestMethodWorker.java:146)
at org.testng.internal.TestMethodWorker.run(TestMethodWorker.java:128)
at java.base/java.util.ArrayList.forEach(ArrayList.java:1511)
at org.testng.TestRunner.privateRun(TestRunner.java:764)
at org.testng.TestRunner.run(TestRunner.java:585)
at org.testng.SuiteRunner.runTest(SuiteRunner.java:384)
at org.testng.SuiteRunner.runSequentially(SuiteRunner.java:378)
at org.testng.SuiteRunner.privateRun(SuiteRunner.java:337)
at org.testng.SuiteRunner.run(SuiteRunner.java:286)
at org.testng.SuiteRunnerWorker.runSuite(SuiteRunnerWorker.java:53)
at org.testng.SuiteRunnerWorker.run(SuiteRunnerWorker.java:96)
at org.testng.TestNG.runSuitesSequentially(TestNG.java:1218)
at org.testng.TestNG.runSuitesLocally(TestNG.java:1140)
at org.testng.TestNG.runSuites(TestNG.java:1069)
at org.testng.TestNG.run(TestNG.java:1037)
at org.testng.remote.AbstractRemoteTestNG.run(AbstractRemoteTestNG.java:115)
at org.testng.remote.RemoteTestNG.initAndRun(RemoteTestNG.java:251)
at org.testng.remote.RemoteTestNG.main(RemoteTestNG.java:77)
]]>
            </full-stacktrace>
          </exception> <!-- java.lang.AssertionError -->
          <reporter-output>
          </reporter-output>
        </test-method> <!-- APIResponse -->
      </class> <!-- PAN_Lite_Test.TC_Consent_Text_200_PLUS -->
      <class name="GST_Advance_Test.TC_Low_Balance_Wallet">
        <test-method signature="APIResponse()[pri:0, instance:GST_Advance_Test.TC_Low_Balance_Wallet@895e367]" started-at="2021-07-31T20:55:27 IST" name="APIResponse" finished-at="2021-07-31T20:55:27 IST" duration-ms="394" status="PASS">
          <reporter-output>
          </reporter-output>
        </test-method> <!-- APIResponse -->
      </class> <!-- GST_Advance_Test.TC_Low_Balance_Wallet -->
      <class name="Passport_Lite_Test.TC_InValid_customer_dob">
        <test-method signature="APIResponse()[pri:0, instance:Passport_Lite_Test.TC_InValid_customer_dob@1b266842]" started-at="2021-07-31T20:55:27 IST" name="APIResponse" finished-at="2021-07-31T20:55:28 IST" duration-ms="326" status="PASS">
          <reporter-output>
          </reporter-output>
        </test-method> <!-- APIResponse -->
      </class> <!-- Passport_Lite_Test.TC_InValid_customer_dob -->
      <class name="PAN_Advance_Prod.TC_InValid_APP_Id_API_Key">
        <test-method signature="APIResponse()[pri:0, instance:PAN_Advance_Prod.TC_InValid_APP_Id_API_Key@7a3793c7]" started-at="2021-07-31T20:55:28 IST" name="APIResponse" finished-at="2021-07-31T20:55:28 IST" duration-ms="334" status="PASS">
          <reporter-output>
          </reporter-output>
        </test-method> <!-- APIResponse -->
      </class> <!-- PAN_Advance_Prod.TC_InValid_APP_Id_API_Key -->
      <class name="BAV_Lite_Test.TC_Low_Balance_Wallet">
        <test-method signature="APIResponse()[pri:0, instance:BAV_Lite_Test.TC_Low_Balance_Wallet@42b3b079]" started-at="2021-07-31T20:55:28 IST" name="APIResponse" finished-at="2021-07-31T20:55:28 IST" duration-ms="469" status="FAIL">
          <exception class="java.lang.ClassCastException">
            <message>
              <![CDATA[class java.lang.Integer cannot be cast to class java.lang.String (java.lang.Integer and java.lang.String are in module java.base of loader 'bootstrap')]]>
            </message>
            <full-stacktrace>
              <![CDATA[java.lang.ClassCastException: class java.lang.Integer cannot be cast to class java.lang.String (java.lang.Integer and java.lang.String are in module java.base of loader 'bootstrap')
at BAV_Lite_Test.TC_Low_Balance_Wallet.APIResponse(TC_Low_Balance_Wallet.java:117)
at java.base/jdk.internal.reflect.NativeMethodAccessorImpl.invoke0(Native Method)
at java.base/jdk.internal.reflect.NativeMethodAccessorImpl.invoke(NativeMethodAccessorImpl.java:64)
at java.base/jdk.internal.reflect.DelegatingMethodAccessorImpl.invoke(DelegatingMethodAccessorImpl.java:43)
at java.base/java.lang.reflect.Method.invoke(Method.java:564)
at org.testng.internal.MethodInvocationHelper.invokeMethod(MethodInvocationHelper.java:132)
at org.testng.internal.TestInvoker.invokeMethod(TestInvoker.java:599)
at org.testng.internal.TestInvoker.invokeTestMethod(TestInvoker.java:174)
at org.testng.internal.MethodRunner.runInSequence(MethodRunner.java:46)
at org.testng.internal.TestInvoker$MethodInvocationAgent.invoke(TestInvoker.java:822)
at org.testng.internal.TestInvoker.invokeTestMethods(TestInvoker.java:147)
at org.testng.internal.TestMethodWorker.invokeTestMethods(TestMethodWorker.java:146)
at org.testng.internal.TestMethodWorker.run(TestMethodWorker.java:128)
at java.base/java.util.ArrayList.forEach(ArrayList.java:1511)
at org.testng.TestRunner.privateRun(TestRunner.java:764)
at org.testng.TestRunner.run(TestRunner.java:585)
at org.testng.SuiteRunner.runTest(SuiteRunner.java:384)
at org.testng.SuiteRunner.runSequentially(SuiteRunner.java:378)
at org.testng.SuiteRunner.privateRun(SuiteRunner.java:337)
at org.testng.SuiteRunner.run(SuiteRunner.java:286)
at org.testng.SuiteRunnerWorker.runSuite(SuiteRunnerWorker.java:53)
at org.testng.SuiteRunnerWorker.run(SuiteRunnerWorker.java:96)
at org.testng.TestNG.runSuitesSequentially(TestNG.java:1218)
at org.testng.TestNG.runSuitesLocally(TestNG.java:1140)
at org.testng.TestNG.runSuites(TestNG.java:1069)
at org.testng.TestNG.run(TestNG.java:1037)
at org.testng.remote.AbstractRemoteTestNG.run(AbstractRemoteTestNG.java:115)
at org.testng.remote.RemoteTestNG.initAndRun(RemoteTestNG.java:251)
at org.testng.remote.RemoteTestNG.main(RemoteTestNG.java:77)
]]>
            </full-stacktrace>
          </exception> <!-- java.lang.ClassCastException -->
          <reporter-output>
          </reporter-output>
        </test-method> <!-- APIResponse -->
      </class> <!-- BAV_Lite_Test.TC_Low_Balance_Wallet -->
      <class name="RC_Advance_Test.TC_InActive_APP_ID">
        <test-method signature="APIResponse()[pri:0, instance:RC_Advance_Test.TC_InActive_APP_ID@651aed93]" started-at="2021-07-31T20:55:28 IST" name="APIResponse" finished-at="2021-07-31T20:55:29 IST" duration-ms="213" status="PASS">
          <reporter-output>
          </reporter-output>
        </test-method> <!-- APIResponse -->
      </class> <!-- RC_Advance_Test.TC_InActive_APP_ID -->
      <class name="GST_Advance_Prod.TC_Blank_APP_Id">
        <test-method signature="APIResponse()[pri:0, instance:GST_Advance_Prod.TC_Blank_APP_Id@4dd6fd0a]" started-at="2021-07-31T20:55:29 IST" name="APIResponse" finished-at="2021-07-31T20:55:29 IST" duration-ms="330" status="PASS">
          <reporter-output>
          </reporter-output>
        </test-method> <!-- APIResponse -->
      </class> <!-- GST_Advance_Prod.TC_Blank_APP_Id -->
      <class name="IFSC_Lite_Test.TC_Not_Disable_Account">
        <test-method signature="APIResponse()[pri:0, instance:IFSC_Lite_Test.TC_Not_Disable_Account@bb9e6dc]" started-at="2021-07-31T20:55:29 IST" name="APIResponse" finished-at="2021-07-31T20:55:29 IST" duration-ms="192" status="FAIL">
          <exception class="java.lang.ClassCastException">
            <message>
              <![CDATA[class java.lang.Integer cannot be cast to class java.lang.String (java.lang.Integer and java.lang.String are in module java.base of loader 'bootstrap')]]>
            </message>
            <full-stacktrace>
              <![CDATA[java.lang.ClassCastException: class java.lang.Integer cannot be cast to class java.lang.String (java.lang.Integer and java.lang.String are in module java.base of loader 'bootstrap')
at IFSC_Lite_Test.TC_Not_Disable_Account.APIResponse(TC_Not_Disable_Account.java:111)
at java.base/jdk.internal.reflect.NativeMethodAccessorImpl.invoke0(Native Method)
at java.base/jdk.internal.reflect.NativeMethodAccessorImpl.invoke(NativeMethodAccessorImpl.java:64)
at java.base/jdk.internal.reflect.DelegatingMethodAccessorImpl.invoke(DelegatingMethodAccessorImpl.java:43)
at java.base/java.lang.reflect.Method.invoke(Method.java:564)
at org.testng.internal.MethodInvocationHelper.invokeMethod(MethodInvocationHelper.java:132)
at org.testng.internal.TestInvoker.invokeMethod(TestInvoker.java:599)
at org.testng.internal.TestInvoker.invokeTestMethod(TestInvoker.java:174)
at org.testng.internal.MethodRunner.runInSequence(MethodRunner.java:46)
at org.testng.internal.TestInvoker$MethodInvocationAgent.invoke(TestInvoker.java:822)
at org.testng.internal.TestInvoker.invokeTestMethods(TestInvoker.java:147)
at org.testng.internal.TestMethodWorker.invokeTestMethods(TestMethodWorker.java:146)
at org.testng.internal.TestMethodWorker.run(TestMethodWorker.java:128)
at java.base/java.util.ArrayList.forEach(ArrayList.java:1511)
at org.testng.TestRunner.privateRun(TestRunner.java:764)
at org.testng.TestRunner.run(TestRunner.java:585)
at org.testng.SuiteRunner.runTest(SuiteRunner.java:384)
at org.testng.SuiteRunner.runSequentially(SuiteRunner.java:378)
at org.testng.SuiteRunner.privateRun(SuiteRunner.java:337)
at org.testng.SuiteRunner.run(SuiteRunner.java:286)
at org.testng.SuiteRunnerWorker.runSuite(SuiteRunnerWorker.java:53)
at org.testng.SuiteRunnerWorker.run(SuiteRunnerWorker.java:96)
at org.testng.TestNG.runSuitesSequentially(TestNG.java:1218)
at org.testng.TestNG.runSuitesLocally(TestNG.java:1140)
at org.testng.TestNG.runSuites(TestNG.java:1069)
at org.testng.TestNG.run(TestNG.java:1037)
at org.testng.remote.AbstractRemoteTestNG.run(AbstractRemoteTestNG.java:115)
at org.testng.remote.RemoteTestNG.initAndRun(RemoteTestNG.java:251)
at org.testng.remote.RemoteTestNG.main(RemoteTestNG.java:77)
]]>
            </full-stacktrace>
          </exception> <!-- java.lang.ClassCastException -->
          <reporter-output>
          </reporter-output>
        </test-method> <!-- APIResponse -->
      </class> <!-- IFSC_Lite_Test.TC_Not_Disable_Account -->
      <class name="RC_Lite_Prod.TC_Consent_N">
[...]
at org.testng.SuiteRunner.runSequentially(SuiteRunner.java:378)
at org.testng.SuiteRunner.privateRun(SuiteRunner.java:337)
at org.testng.SuiteRunner.run(SuiteRunner.java:286)
at org.testng.SuiteRunnerWorker.runSuite(SuiteRunnerWorker.java:53)
at org.testng.SuiteRunnerWorker.run(SuiteRunnerWorker.java:96)
at org.testng.TestNG.runSuitesSequentially(TestNG.java:1218)
at org.testng.TestNG.runSuitesLocally(TestNG.java:1140)
at org.testng.TestNG.runSuites(TestNG.java:1069)
at org.testng.TestNG.run(TestNG.java:1037)
at org.testng.remote.AbstractRemoteTestNG.run(AbstractRemoteTestNG.java:115)
at org.testng.remote.RemoteTestNG.initAndRun(RemoteTestNG.java:251)
at org.testng.remote.RemoteTestNG.main(RemoteTestNG.java:77)
]]>
            </full-stacktrace>
          </exception> <!-- java.lang.ClassCastException -->
          <reporter-output>
          </reporter-output>
        </test-method> <!-- APIResponse -->
      </class> <!-- RC_Advance_Test.TC_Not_Disable_Account -->
      <class name="GST_Advance_Prod.TC_Product_Subscribed">
        <test-method signature="APIResponse()[pri:0, instance:GST_Advance_Prod.TC_Product_Subscribed@6f44a157]" started-at="2021-07-31T21:11:30 IST" name="APIResponse" finished-at="2021-07-31T21:11:32 IST" duration-ms="1710" status="PASS">
          <reporter-output>
          </reporter-output>
        </test-method> <!-- APIResponse -->
      </class> <!-- GST_Advance_Prod.TC_Product_Subscribed -->
      <class name="Passport_Lite_Prod.TC_Product_Subscribed">
        <test-method signature="APIResponse()[pri:0, instance:Passport_Lite_Prod.TC_Product_Subscribed@6bc407fd]" started-at="2021-07-31T21:11:32 IST" name="APIResponse" finished-at="2021-07-31T21:11:33 IST" duration-ms="681" status="PASS">
          <reporter-output>
          </reporter-output>
        </test-method> <!-- APIResponse -->
      </class> <!-- Passport_Lite_Prod.TC_Product_Subscribed -->
      <class name="Voter_Advance_Prod.TC_Consent_N">
        <test-method signature="APIResponse()[pri:0, instance:Voter_Advance_Prod.TC_Consent_N@291f18]" started-at="2021-07-31T21:11:33 IST" name="APIResponse" finished-at="2021-07-31T21:11:33 IST" duration-ms="328" status="PASS">
          <reporter-output>
          </reporter-output>
        </test-method> <!-- APIResponse -->
      </class> <!-- Voter_Advance_Prod.TC_Consent_N -->
      <class name="Voter_Advance_Test.TC_Valid_Authentication_100">
        <test-method signature="APIResponse()[pri:0, instance:Voter_Advance_Test.TC_Valid_Authentication_100@17d88132]" started-at="2021-07-31T21:11:33 IST" name="APIResponse" finished-at="2021-07-31T21:11:33 IST" duration-ms="162" status="FAIL">
          <exception class="java.lang.AssertionError">
            <message>
              <![CDATA[expected [100] but found [112]]]>
            </message>
            <full-stacktrace>
              <![CDATA[java.lang.AssertionError: expected [100] but found [112]
at org.testng.Assert.fail(Assert.java:99)
at org.testng.Assert.failNotEquals(Assert.java:1037)
at org.testng.Assert.assertEqualsImpl(Assert.java:140)
at org.testng.Assert.assertEquals(Assert.java:122)
at org.testng.Assert.assertEquals(Assert.java:907)
at org.testng.Assert.assertEquals(Assert.java:917)
at Voter_Advance_Test.TC_Valid_Authentication_100.APIResponse(TC_Valid_Authentication_100.java:117)
at java.base/jdk.internal.reflect.NativeMethodAccessorImpl.invoke0(Native Method)
at java.base/jdk.internal.reflect.NativeMethodAccessorImpl.invoke(NativeMethodAccessorImpl.java:64)
at java.base/jdk.internal.reflect.DelegatingMethodAccessorImpl.invoke(DelegatingMethodAccessorImpl.java:43)
at java.base/java.lang.reflect.Method.invoke(Method.java:564)
at org.testng.internal.MethodInvocationHelper.invokeMethod(MethodInvocationHelper.java:132)
at org.testng.internal.TestInvoker.invokeMethod(TestInvoker.java:599)
at org.testng.internal.TestInvoker.invokeTestMethod(TestInvoker.java:174)
at org.testng.internal.MethodRunner.runInSequence(MethodRunner.java:46)
at org.testng.internal.TestInvoker$MethodInvocationAgent.invoke(TestInvoker.java:822)
at org.testng.internal.TestInvoker.invokeTestMethods(TestInvoker.java:147)
at org.testng.internal.TestMethodWorker.invokeTestMethods(TestMethodWorker.java:146)
at org.testng.internal.TestMethodWorker.run(TestMethodWorker.java:128)
at java.base/java.util.ArrayList.forEach(ArrayList.java:1511)
at org.testng.TestRunner.privateRun(TestRunner.java:764)
at org.testng.TestRunner.run(TestRunner.java:585)
at org.testng.SuiteRunner.runTest(SuiteRunner.java:384)
at org.testng.SuiteRunner.runSequentially(SuiteRunner.java:378)
at org.testng.SuiteRunner.privateRun(SuiteRunner.java:337)
at org.testng.SuiteRunner.run(SuiteRunner.java:286)
at org.testng.SuiteRunnerWorker.runSuite(SuiteRunnerWorker.java:53)
at org.testng.SuiteRunnerWorker.run(SuiteRunnerWorker.java:96)
at org.testng.TestNG.runSuitesSequentially(TestNG.java:1218)
at org.testng.TestNG.runSuitesLocally(TestNG.java:1140)
at org.testng.TestNG.runSuites(TestNG.java:1069)
at org.testng.TestNG.run(TestNG.java:1037)
at org.testng.remote.AbstractRemoteTestNG.run(AbstractRemoteTestNG.java:115)
at org.testng.remote.RemoteTestNG.initAndRun(RemoteTestNG.java:251)
at org.testng.remote.RemoteTestNG.main(RemoteTestNG.java:77)
]]>
            </full-stacktrace>
          </exception> <!-- java.lang.AssertionError -->
          <reporter-output>
          </reporter-output>
        </test-method> <!-- APIResponse -->
      </class> <!-- Voter_Advance_Test.TC_Valid_Authentication_100 -->
      <class name="GST_Lite_Prod.TC_Consent_Text_200_PLUS">
        <test-method signature="APIResponse()[pri:0, instance:GST_Lite_Prod.TC_Consent_Text_200_PLUS@5ddcc487]" started-at="2021-07-31T21:11:33 IST" name="APIResponse" finished-at="2021-07-31T21:11:33 IST" duration-ms="255" status="PASS">
          <reporter-output>
          </reporter-output>
        </test-method> <!-- APIResponse -->
      </class> <!-- GST_Lite_Prod.TC_Consent_Text_200_PLUS -->
      <class name="GST_Advance_Prod.TC_InValid_GST">
        <test-method signature="APIResponse()[pri:0, instance:GST_Advance_Prod.TC_InValid_GST@16eccb2e]" started-at="2021-07-31T21:11:33 IST" name="APIResponse" finished-at="2021-07-31T21:11:34 IST" duration-ms="235" status="PASS">
          <reporter-output>
          </reporter-output>
        </test-method> <!-- APIResponse -->
      </class> <!-- GST_Advance_Prod.TC_InValid_GST -->
      <class name="BAV_Lite_Test.TC_InValid_EndPoint">
        <test-method signature="APIResponse()[pri:0, instance:BAV_Lite_Test.TC_InValid_EndPoint@5ef5c734]" started-at="2021-07-31T21:11:34 IST" name="APIResponse" finished-at="2021-07-31T21:11:34 IST" duration-ms="90" status="PASS">
          <reporter-output>
          </reporter-output>
        </test-method> <!-- APIResponse -->
      </class> <!-- BAV_Lite_Test.TC_InValid_EndPoint -->
      <class name="RC_Advance_Test.TC_Blank_Body">
        <test-method signature="APIResponse()[pri:0, instance:RC_Advance_Test.TC_Blank_Body@d771cc9]" started-at="2021-07-31T21:11:34 IST" name="APIResponse" finished-at="2021-07-31T21:11:34 IST" duration-ms="119" status="FAIL">
          <exception class="java.lang.AssertionError">
            <message>
              <![CDATA[expected [106] but found [112]]]>
            </message>
            <full-stacktrace>
              <![CDATA[java.lang.AssertionError: expected [106] but found [112]
at org.testng.Assert.fail(Assert.java:99)
at org.testng.Assert.failNotEquals(Assert.java:1037)
at org.testng.Assert.assertEqualsImpl(Assert.java:140)
at org.testng.Assert.assertEquals(Assert.java:122)
at org.testng.Assert.assertEquals(Assert.java:907)
at org.testng.Assert.assertEquals(Assert.java:917)
at RC_Advance_Test.TC_Blank_Body.APIResponse(TC_Blank_Body.java:124)
at java.base/jdk.internal.reflect.NativeMethodAccessorImpl.invoke0(Native Method)
at java.base/jdk.internal.reflect.NativeMethodAccessorImpl.invoke(NativeMethodAccessorImpl.java:64)
at java.base/jdk.internal.reflect.DelegatingMethodAccessorImpl.invoke(DelegatingMethodAccessorImpl.java:43)
at java.base/java.lang.reflect.Method.invoke(Method.java:564)
at org.testng.internal.MethodInvocationHelper.invokeMethod(MethodInvocationHelper.java:132)
at org.testng.internal.TestInvoker.invokeMethod(TestInvoker.java:599)
at org.testng.internal.TestInvoker.invokeTestMethod(TestInvoker.java:174)
at org.testng.internal.MethodRunner.runInSequence(MethodRunner.java:46)
at org.testng.internal.TestInvoker$MethodInvocationAgent.invoke(TestInvoker.java:822)
at org.testng.internal.TestInvoker.invokeTestMethods(TestInvoker.java:147)
at org.testng.internal.TestMethodWorker.invokeTestMethods(TestMethodWorker.java:146)
at org.testng.internal.TestMethodWorker.run(TestMethodWorker.java:128)
at java.base/java.util.ArrayList.forEach(ArrayList.java:1511)
at org.testng.TestRunner.privateRun(TestRunner.java:764)
at org.testng.TestRunner.run(TestRunner.java:585)
at org.testng.SuiteRunner.runTest(SuiteRunner.java:384)
at org.testng.SuiteRunner.runSequentially(SuiteRunner.java:378)
at org.testng.SuiteRunner.privateRun(SuiteRunner.java:337)
at org.testng.SuiteRunner.run(SuiteRunner.java:286)
at org.testng.SuiteRunnerWorker.runSuite(SuiteRunnerWorker.java:53)
at org.testng.SuiteRunnerWorker.run(SuiteRunnerWorker.java:96)
at org.testng.TestNG.runSuitesSequentially(TestNG.java:1218)
at org.testng.TestNG.runSuitesLocally(TestNG.java:1140)
at org.testng.TestNG.runSuites(TestNG.java:1069)
at org.testng.TestNG.run(TestNG.java:1037)
at org.testng.remote.AbstractRemoteTestNG.run(AbstractRemoteTestNG.java:115)
at org.testng.remote.RemoteTestNG.initAndRun(RemoteTestNG.java:251)
at org.testng.remote.RemoteTestNG.main(RemoteTestNG.java:77)
]]>
            </full-stacktrace>
          </exception> <!-- java.lang.AssertionError -->
          <reporter-output>
          </reporter-output>
        </test-method> <!-- APIResponse -->
      </class> <!-- RC_Advance_Test.TC_Blank_Body -->
      <class name="PAN_Advance_Test.TC_Product_Subscribed">
        <test-method signature="APIResponse()[pri:0, instance:PAN_Advance_Test.TC_Product_Subscribed@36b4091c]" started-at="2021-07-31T21:11:34 IST" name="APIResponse" finished-at="2021-07-31T21:11:34 IST" duration-ms="110" status="FAIL">
          <exception class="java.lang.AssertionError">
            <message>
              <![CDATA[expected [100] but found [112]]]>
            </message>
            <full-stacktrace>
              <![CDATA[java.lang.AssertionError: expected [100] but found [112]
at org.testng.Assert.fail(Assert.java:99)
at org.testng.Assert.failNotEquals(Assert.java:1037)
at org.testng.Assert.assertEqualsImpl(Assert.java:140)
at org.testng.Assert.assertEquals(Assert.java:122)
at org.testng.Assert.assertEquals(Assert.java:907)
at org.testng.Assert.assertEquals(Assert.java:917)
at PAN_Advance_Test.TC_Product_Subscribed.APIResponse(TC_Product_Subscribed.java:117)
at java.base/jdk.internal.reflect.NativeMethodAccessorImpl.invoke0(Native Method)
at java.base/jdk.internal.reflect.NativeMethodAccessorImpl.invoke(NativeMethodAccessorImpl.java:64)
at java.base/jdk.internal.reflect.DelegatingMethodAccessorImpl.invoke(DelegatingMethodAccessorImpl.java:43)
at java.base/java.lang.reflect.Method.invoke(Method.java:564)
at org.testng.internal.MethodInvocationHelper.invokeMethod(MethodInvocationHelper.java:132)
at org.testng.internal.TestInvoker.invokeMethod(TestInvoker.java:599)
at org.testng.internal.TestInvoker.invokeTestMethod(TestInvoker.java:174)
at org.testng.internal.MethodRunner.runInSequence(MethodRunner.java:46)
at org.testng.internal.TestInvoker$MethodInvocationAgent.invoke(TestInvoker.java:822)
at org.testng.internal.TestInvoker.invokeTestMethods(TestInvoker.java:147)
at org.testng.internal.TestMethodWorker.invokeTestMethods(TestMethodWorker.java:146)
at org.testng.internal.TestMethodWorker.run(TestMethodWorker.java:128)
at java.base/java.util.ArrayList.forEach(ArrayList.java:1511)
at org.testng.TestRunner.privateRun(TestRunner.java:764)
at org.testng.TestRunner.run(TestRunner.java:585)
at org.testng.SuiteRunner.runTest(SuiteRunner.java:384)
at org.testng.SuiteRunner.runSequentially(SuiteRunner.java:378)
at org.testng.SuiteRunner.privateRun(SuiteRunner.java:337)
at org.testng.SuiteRunner.run(SuiteRunner.java:286)
at org.testng.SuiteRunnerWorker.runSuite(SuiteRunnerWorker.java:53)
at org.testng.SuiteRunnerWorker.run(SuiteRunnerWorker.java:96)
at org.testng.TestNG.runSuitesSequentially(TestNG.java:1218)
at org.testng.TestNG.runSuitesLocally(TestNG.java:1140)
at org.testng.TestNG.runSuites(TestNG.java:1069)
at org.testng.TestNG.run(TestNG.java:1037)
at org.testng.remote.AbstractRemoteTestNG.run(AbstractRemoteTestNG.java:115)
at org.testng.remote.RemoteTestNG.initAndRun(RemoteTestNG.java:251)
at org.testng.remote.RemoteTestNG.main(RemoteTestNG.java:77)
]]>
            </full-stacktrace>
          </exception> <!-- java.lang.AssertionError -->
          <reporter-output>
          </reporter-output>
        </test-method> <!-- APIResponse -->
      </class> <!-- PAN_Advance_Test.TC_Product_Subscribed -->
      <class name="GST_Lite_Prod.TC_InValid_GST">
        <test-method signature="APIResponse()[pri:0, instance:GST_Lite_Prod.TC_InValid_GST@4671115f]" started-at="2021-07-31T21:11:34 IST" name="APIResponse" finished-at="2021-07-31T21:11:34 IST" duration-ms="204" status="PASS">
          <reporter-output>
          </reporter-output>
        </test-method> <!-- APIResponse -->
      </class> <!-- GST_Lite_Prod.TC_InValid_GST -->
      <class name="Passport_Lite_Test.TC_Valid_Authentication_100">
        <test-method signature="APIResponse()[pri:0, instance:Passport_Lite_Test.TC_Valid_Authentication_100@36cda2c2]" started-at="2021-07-31T21:11:34 IST" name="APIResponse" finished-at="2021-07-31T21:11:34 IST" duration-ms="173" status="FAIL">
          <exception class="java.lang.ClassCastException">
            <message>
              <![CDATA[class java.lang.Integer cannot be cast to class java.lang.String (java.lang.Integer and java.lang.String are in module java.base of loader 'bootstrap')]]>
            </message>
            <full-stacktrace>
              <![CDATA[java.lang.ClassCastException: class java.lang.Integer cannot be cast to class java.lang.String (java.lang.Integer and java.lang.String are in module java.base of loader 'bootstrap')
at Passport_Lite_Test.TC_Valid_Authentication_100.APIResponse(TC_Valid_Authentication_100.java:139)
at java.base/jdk.internal.reflect.NativeMethodAccessorImpl.invoke0(Native Method)
at java.base/jdk.internal.reflect.NativeMethodAccessorImpl.invoke(NativeMethodAccessorImpl.java:64)
at java.base/jdk.internal.reflect.DelegatingMethodAccessorImpl.invoke(DelegatingMethodAccessorImpl.java:43)
at java.base/java.lang.reflect.Method.invoke(Method.java:564)
at org.testng.internal.MethodInvocationHelper.invokeMethod(MethodInvocationHelper.java:132)
at org.testng.internal.TestInvoker.invokeMethod(TestInvoker.java:599)
at org.testng.internal.TestInvoker.invokeTestMethod(TestInvoker.java:174)
at org.testng.internal.MethodRunner.runInSequence(MethodRunner.java:46)
at org.testng.internal.TestInvoker$MethodInvocationAgent.invoke(TestInvoker.java:822)
at org.testng.internal.TestInvoker.invokeTestMethods(TestInvoker.java:147)
at org.testng.internal.TestMethodWorker.invokeTestMethods(TestMethodWorker.java:146)
at org.testng.internal.TestMethodWorker.run(TestMethodWorker.java:128)
at java.base/java.util.ArrayList.forEach(ArrayList.java:1511)
at org.testng.TestRunner.privateRun(TestRunner.java:764)
at org.testng.TestRunner.run(TestRunner.java:585)
at org.testng.SuiteRunner.runTest(SuiteRunner.java:384)
at org.testng.SuiteRunner.runSequentially(SuiteRunner.java:378)
at org.testng.SuiteRunner.privateRun(SuiteRunner.java:337)
at org.testng.SuiteRunner.run(SuiteRunner.java:286)
at org.testng.SuiteRunnerWorker.runSuite(SuiteRunnerWorker.java:53)
at org.testng.SuiteRunnerWorker.run(SuiteRunnerWorker.java:96)
at org.testng.TestNG.runSuitesSequentially(TestNG.java:1218)
at org.testng.TestNG.runSuitesLocally(TestNG.java:1140)
at org.testng.TestNG.runSuites(TestNG.java:1069)
at org.testng.TestNG.run(TestNG.java:1037)
at org.testng.remote.AbstractRemoteTestNG.run(AbstractRemoteTestNG.java:115)
at org.testng.remote.RemoteTestNG.initAndRun(RemoteTestNG.java:251)
at org.testng.remote.RemoteTestNG.main(RemoteTestNG.java:77)
]]>
            </full-stacktrace>
          </exception> <!-- java.lang.ClassCastException -->
          <reporter-output>
          </reporter-output>
        </test-method> <!-- APIResponse -->
      </class> <!-- Passport_Lite_Test.TC_Valid_Authentication_100 -->
      <class name="Passport_Lite_Prod.TC_InValid_customer_first_name">
        <test-method signature="APIResponse()[pri:0, instance:Passport_Lite_Prod.TC_InValid_customer_first_name@3697186]" started-at="2021-07-31T21:11:34 IST" name="APIResponse" finished-at="2021-07-31T21:11:35 IST" duration-ms="330" status="PASS">
          <reporter-output>
          </reporter-output>
        </test-method> <!-- APIResponse -->
      </class> <!-- Passport_Lite_Prod.TC_InValid_customer_first_name -->
      <class name="PAN_Advance_Test.TC_InActive_APP_ID">
        <test-method signature="APIResponse()[pri:0, instance:PAN_Advance_Test.TC_InActive_APP_ID@1583741e]" started-at="2021-07-31T21:11:35 IST" name="APIResponse" finished-at="2021-07-31T21:11:35 IST" duration-ms="342" status="PASS">
          <reporter-output>
          </reporter-output>
        </test-method> <!-- APIResponse -->
      </class> <!-- PAN_Advance_Test.TC_InActive_APP_ID -->
      <class name="DL_Advance_Test.TC_InActive_API_key">
        <test-method signature="APIResponse()[pri:0, instance:DL_Advance_Test.TC_InActive_API_key@5b367418]" started-at="2021-07-31T21:11:35 IST" name="APIResponse" finished-at="2021-07-31T21:11:35 IST" duration-ms="202" status="PASS">
          <reporter-output>
          </reporter-output>
        </test-method> <!-- APIResponse -->
      </class> <!-- DL_Advance_Test.TC_InActive_API_key -->
      <class name="GST_Advance_Prod.TC_InActive_API_key">
        <test-method signature="APIResponse()[pri:0, instance:GST_Advance_Prod.TC_InActive_API_key@36060e]" started-at="2021-07-31T21:11:35 IST" name="APIResponse" finished-at="2021-07-31T21:11:35 IST" duration-ms="155" status="PASS">
          <reporter-output>
          </reporter-output>
        </test-method> <!-- APIResponse -->
      </class> <!-- GST_Advance_Prod.TC_InActive_API_key -->
      <class name="GST_Lite_Test.TC_InActive_API_key">
        <test-method signature="APIResponse()[pri:0, instance:GST_Lite_Test.TC_InActive_API_key@481ba2cf]" started-at="2021-07-31T21:11:35 IST" name="APIResponse" finished-at="2021-07-31T21:11:36 IST" duration-ms="183" status="PASS">
          <reporter-output>
          </reporter-output>
        </test-method> <!-- APIResponse -->
      </class> <!-- GST_Lite_Test.TC_InActive_API_key -->
      <class name="PAN_Lite_Prod.TC_Blank_API_key">
        <test-method signature="APIResponse()[pri:0, instance:PAN_Lite_Prod.TC_Blank_API_key@46b61c56]" started-at="2021-07-31T21:11:36 IST" name="APIResponse" finished-at="2021-07-31T21:11:36 IST" duration-ms="213" status="PASS">
          <reporter-output>
          </reporter-output>
        </test-method> <!-- APIResponse -->
      </class> <!-- PAN_Lite_Prod.TC_Blank_API_key -->
      <class name="Passport_Lite_Test.TC_InValid_APP_Id_API_Key">
        <test-method signature="APIResponse()[pri:0, instance:Passport_Lite_Test.TC_InValid_APP_Id_API_Key@2e48362c]" started-at="2021-07-31T21:11:36 IST" name="APIResponse" finished-at="2021-07-31T21:11:36 IST" duration-ms="157" status="PASS">
          <reporter-output>
          </reporter-output>
        </test-method> <!-- APIResponse -->
      </class> <!-- Passport_Lite_Test.TC_InValid_APP_Id_API_Key -->
    </test> <!-- Default test -->
  </suite> <!-- Default suite -->
</testng-results>
